#
# There is insufficient memory for the Java Runtime Environment to continue.
# Native memory allocation (malloc) failed to allocate 1195056 bytes for Chunk::new
# Possible reasons:
#   The system is out of physical RAM or swap space
#   The process is running with CompressedOops enabled, and the Java Heap may be blocking the growth of the native heap
# Possible solutions:
#   Reduce memory load on the system
#   Increase physical memory or swap space
#   Check if swap backing store is full
#   Decrease Java heap size (-Xmx/-Xms)
#   Decrease number of Java threads
#   Decrease Java thread stack sizes (-Xss)
#   Set larger code cache with -XX:ReservedCodeCacheSize=
#   JVM is running with Unscaled Compressed Oops mode in which the Java heap is
#     placed in the first 4GB address space. The Java Heap base address is the
#     maximum limit for the native heap growth. Please use -XX:HeapBaseMinAddress
#     to set the Java Heap base and to place the Java Heap above 4GB virtual address.
# This output file may be truncated or incomplete.
#
#  Out of Memory Error (./src/hotspot/share/memory/arena.cpp:197), pid=9180, tid=13388
#
# JRE version: OpenJDK Runtime Environment (11.0.11+9) (build 11.0.11+9-b60-7590822)
# Java VM: OpenJDK 64-Bit Server VM (11.0.11+9-b60-7590822, mixed mode, tiered, compressed oops, g1 gc, windows-amd64)
# No core dump will be written. Minidumps are not enabled by default on client versions of Windows
#

---------------  S U M M A R Y ------------

Command Line: --add-opens=java.base/java.util=ALL-UNNAMED --add-opens=java.base/java.lang=ALL-UNNAMED --add-opens=java.base/java.lang.invoke=ALL-UNNAMED --add-opens=java.base/java.util=ALL-UNNAMED --add-opens=java.prefs/java.util.prefs=ALL-UNNAMED --add-opens=java.prefs/java.util.prefs=ALL-UNNAMED --add-opens=java.base/java.nio.charset=ALL-UNNAMED --add-opens=java.base/java.net=ALL-UNNAMED --add-opens=java.base/java.util.concurrent.atomic=ALL-UNNAMED -Xmx2048m -Dfile.encoding=UTF-8 -Duser.country=FR -Duser.language=fr -Duser.variant org.gradle.launcher.daemon.bootstrap.GradleDaemon 7.2

Host: AMD Ryzen 3 4300GE with Radeon Graphics, 8 cores, 15G,  Windows 10 , 64 bit Build 19041 (10.0.19041.1348)
Time: Mon May  2 01:52:26 2022 Paris, Madrid (heure d’été) elapsed time: 4390.693229 seconds (0d 1h 13m 10s)

---------------  T H R E A D  ---------------

Current thread (0x0000016794ab2000):  JavaThread "C2 CompilerThread2" daemon [_thread_in_native, id=13388, stack(0x00000031dae00000,0x00000031daf00000)]


Current CompileTask:
C2:4390693 23364       4       org.gradle.api.internal.plugins.DefaultPluginManager::pluginsForId (123 bytes)

Stack: [0x00000031dae00000,0x00000031daf00000]
Native frames: (J=compiled Java code, j=interpreted, Vv=VM code, C=native code)
V  [jvm.dll+0x5f214a]
V  [jvm.dll+0x726fb5]
V  [jvm.dll+0x7285cd]
V  [jvm.dll+0x728c83]
V  [jvm.dll+0x243278]
V  [jvm.dll+0xbc53c]
V  [jvm.dll+0xbca3c]
V  [jvm.dll+0x353e3b]
V  [jvm.dll+0x19895c]
V  [jvm.dll+0x1fc2ee]
V  [jvm.dll+0x1fb3d4]
V  [jvm.dll+0x183d6c]
V  [jvm.dll+0x209a57]
V  [jvm.dll+0x2082a1]
V  [jvm.dll+0x6ef58f]
V  [jvm.dll+0x6e80b5]
V  [jvm.dll+0x5f1036]
C  [ucrtbase.dll+0x21bb2]
C  [KERNEL32.DLL+0x17034]
C  [ntdll.dll+0x52651]


---------------  P R O C E S S  ---------------

Threads class SMR info:
_java_thread_list=0x0000016791c0d5e0, length=124, elements={
0x00000167ee4ef000, 0x00000167fa1d7800, 0x00000167fa1e3000, 0x00000167fa233800,
0x00000167fa235000, 0x00000167fa236000, 0x00000167fa238800, 0x00000167fa23f000,
0x00000167fa240000, 0x00000167fa3b2000, 0x00000167fbd60000, 0x00000167fbe72000,
0x00000167fba05000, 0x00000167fc348800, 0x00000167fc34a000, 0x00000167fc34b000,
0x00000167fc346000, 0x00000167fc347800, 0x00000167fe9eb000, 0x00000167fe9ed800,
0x00000167fe9ea000, 0x00000167fe9ec000, 0x00000167fe9ec800, 0x00000167fe9e7800,
0x00000167fe9e9800, 0x00000167fe9f4000, 0x00000167fea1a800, 0x0000016794ce4000,
0x0000016794ce3800, 0x0000016794ce5000, 0x0000016794ce7800, 0x0000016794ce6800,
0x0000016794ce2000, 0x0000016794ce8800, 0x0000016794ce2800, 0x0000016794cea000,
0x0000016794ceb800, 0x0000016794ce9000, 0x0000016794ce6000, 0x0000016794cef800,
0x0000016794ceb000, 0x0000016794cec800, 0x0000016794cf0800, 0x0000016794cee000,
0x0000016794cef000, 0x00000167930a5000, 0x00000167930aa000, 0x00000167930a7800,
0x00000167930aa800, 0x00000167930a6800, 0x00000167930a8000, 0x00000167930b0800,
0x00000167930af800, 0x00000167930b1000, 0x00000167930af000, 0x00000167930ab800,
0x00000167930b2000, 0x00000167930ad000, 0x00000167930ac800, 0x00000167930b3800,
0x00000167930ae000, 0x00000167930b3000, 0x00000167fea1b800, 0x00000167fea1a000,
0x00000167fea1c800, 0x00000167fea1d000, 0x00000167fea1e000, 0x00000167fea19000,
0x00000167fea18000, 0x00000167fea22000, 0x00000167fea21000, 0x00000167fea23000,
0x00000167fea23800, 0x00000167fea20800, 0x00000167fea1f800, 0x00000167fea24800,
0x00000167fea1f000, 0x00000167fea25800, 0x00000167fea26000, 0x00000167fe9ee800,
0x00000167fe9e8800, 0x00000167fe9f1800, 0x00000167fe9ef000, 0x00000167fe9f0000,
0x00000167fe9f6800, 0x00000167fe9f0800, 0x00000167fc345800, 0x00000167fc349800,
0x00000167fc34c000, 0x00000167fc347000, 0x000001679363f800, 0x0000016793640000,
0x0000016793642800, 0x0000016793641000, 0x0000016793641800, 0x000001679363e800,
0x0000016793649000, 0x0000016793647800, 0x0000016793646000, 0x0000016793646800,
0x0000016793644000, 0x0000016793648000, 0x0000016793643800, 0x000001679364a000,
0x000001679364a800, 0x0000016793645000, 0x000001679364b800, 0x000001679364d000,
0x000001679364c800, 0x0000016794aab800, 0x0000016794aaa000, 0x0000016794aad000,
0x0000016794aa7800, 0x0000016794aa8000, 0x0000016794aae000, 0x0000016794aac800,
0x0000016794aae800, 0x0000016794aa9000, 0x0000016794ab0800, 0x0000016794aaf800,
0x0000016794aaa800, 0x0000016794ab1000, 0x0000016794ab4800, 0x0000016794ab2000
}

Java Threads: ( => current thread )
  0x00000167ee4ef000 JavaThread "main" [_thread_blocked, id=9192, stack(0x00000031d1f00000,0x00000031d2000000)]
  0x00000167fa1d7800 JavaThread "Reference Handler" daemon [_thread_blocked, id=15972, stack(0x00000031d2600000,0x00000031d2700000)]
  0x00000167fa1e3000 JavaThread "Finalizer" daemon [_thread_blocked, id=6516, stack(0x00000031d2700000,0x00000031d2800000)]
  0x00000167fa233800 JavaThread "Signal Dispatcher" daemon [_thread_blocked, id=5752, stack(0x00000031d2800000,0x00000031d2900000)]
  0x00000167fa235000 JavaThread "Attach Listener" daemon [_thread_blocked, id=19860, stack(0x00000031d2900000,0x00000031d2a00000)]
  0x00000167fa236000 JavaThread "Service Thread" daemon [_thread_blocked, id=15836, stack(0x00000031d2a00000,0x00000031d2b00000)]
  0x00000167fa238800 JavaThread "C2 CompilerThread0" daemon [_thread_in_native, id=1628, stack(0x00000031d2b00000,0x00000031d2c00000)]
  0x00000167fa23f000 JavaThread "C1 CompilerThread0" daemon [_thread_blocked, id=5360, stack(0x00000031d2c00000,0x00000031d2d00000)]
  0x00000167fa240000 JavaThread "Sweeper thread" daemon [_thread_blocked, id=9692, stack(0x00000031d2d00000,0x00000031d2e00000)]
  0x00000167fa3b2000 JavaThread "Common-Cleaner" daemon [_thread_blocked, id=18848, stack(0x00000031d2e00000,0x00000031d2f00000)]
  0x00000167fbd60000 JavaThread "Daemon health stats" [_thread_blocked, id=14488, stack(0x00000031d3600000,0x00000031d3700000)]
  0x00000167fbe72000 JavaThread "Incoming local TCP Connector on port 1887" [_thread_in_native, id=21284, stack(0x00000031d3700000,0x00000031d3800000)]
  0x00000167fba05000 JavaThread "Daemon periodic checks" [_thread_blocked, id=2660, stack(0x00000031d3800000,0x00000031d3900000)]
  0x00000167fc348800 JavaThread "Cache worker for journal cache (C:\Users\Hihu.PC-HIEP\.gradle\caches\journal-1)" [_thread_blocked, id=19360, stack(0x00000031d4000000,0x00000031d4100000)]
  0x00000167fc34a000 JavaThread "File lock request listener" [_thread_in_native, id=20916, stack(0x00000031d4100000,0x00000031d4200000)]
  0x00000167fc34b000 JavaThread "Cache worker for file hash cache (C:\Users\Hihu.PC-HIEP\.gradle\caches\7.2\fileHashes)" [_thread_blocked, id=14540, stack(0x00000031d4600000,0x00000031d4700000)]
  0x00000167fc346000 JavaThread "jar transforms" [_thread_blocked, id=14544, stack(0x00000031d4a00000,0x00000031d4b00000)]
  0x00000167fc347800 JavaThread "jar transforms Thread 2" [_thread_blocked, id=8504, stack(0x00000031d4b00000,0x00000031d4c00000)]
  0x00000167fe9eb000 JavaThread "jar transforms Thread 3" [_thread_blocked, id=14764, stack(0x00000031d4c00000,0x00000031d4d00000)]
  0x00000167fe9ed800 JavaThread "jar transforms Thread 4" [_thread_blocked, id=8304, stack(0x00000031d4d00000,0x00000031d4e00000)]
  0x00000167fe9ea000 JavaThread "jar transforms Thread 5" [_thread_blocked, id=18560, stack(0x00000031d4e00000,0x00000031d4f00000)]
  0x00000167fe9ec000 JavaThread "jar transforms Thread 6" [_thread_blocked, id=580, stack(0x00000031d4f00000,0x00000031d5000000)]
  0x00000167fe9ec800 JavaThread "jar transforms Thread 7" [_thread_blocked, id=12076, stack(0x00000031d5000000,0x00000031d5100000)]
  0x00000167fe9e7800 JavaThread "jar transforms Thread 8" [_thread_blocked, id=21072, stack(0x00000031d5100000,0x00000031d5200000)]
  0x00000167fe9e9800 JavaThread "Cache worker for execution history cache (C:\Users\Hihu.PC-HIEP\.gradle\caches\7.2\executionHistory)" [_thread_blocked, id=19628, stack(0x00000031d5500000,0x00000031d5600000)]
  0x00000167fe9f4000 JavaThread "Cache worker for file content cache (C:\Users\Hihu.PC-HIEP\.gradle\caches\7.2\fileContent)" [_thread_blocked, id=16268, stack(0x00000031d5600000,0x00000031d5700000)]
  0x00000167fea1a800 JavaThread "Memory manager" [_thread_blocked, id=18504, stack(0x00000031dab00000,0x00000031dac00000)]
  0x0000016794ce4000 JavaThread "Daemon Thread 11" [_thread_blocked, id=21124, stack(0x00000031d3000000,0x00000031d3100000)]
  0x0000016794ce3800 JavaThread "Handler for socket connection from /127.0.0.1:1887 to /127.0.0.1:15104" [_thread_in_native, id=15344, stack(0x00000031d3100000,0x00000031d3200000)]
  0x0000016794ce5000 JavaThread "Cancel handler" [_thread_blocked, id=12604, stack(0x00000031d3900000,0x00000031d3a00000)]
  0x0000016794ce7800 JavaThread "Daemon worker Thread 11" [_thread_in_Java, id=20536, stack(0x00000031d3a00000,0x00000031d3b00000)]
  0x0000016794ce6800 JavaThread "Asynchronous log dispatcher for DefaultDaemonConnection: socket connection from /127.0.0.1:1887 to /127.0.0.1:15104" [_thread_blocked, id=3408, stack(0x00000031d3b00000,0x00000031d3c00000)]
  0x0000016794ce2000 JavaThread "Stdin handler" [_thread_blocked, id=17260, stack(0x00000031d3c00000,0x00000031d3d00000)]
  0x0000016794ce8800 JavaThread "Daemon client event forwarder" [_thread_blocked, id=20252, stack(0x00000031d3d00000,0x00000031d3e00000)]
  0x0000016794ce2800 JavaThread "Cache worker for file hash cache (I:\E\Mes Documents\Formation\Dev-Web-Open\Android-Greta\TP-Projet\MonProjet\.gradle\7.2\fileHashes)" [_thread_blocked, id=17660, stack(0x00000031d3e00000,0x00000031d3f00000)]
  0x0000016794cea000 JavaThread "File watcher server" daemon [_thread_in_native, id=15268, stack(0x00000031d3f00000,0x00000031d4000000)]
  0x0000016794ceb800 JavaThread "File watcher consumer" daemon [_thread_blocked, id=20188, stack(0x00000031d4900000,0x00000031d4a00000)]
  0x0000016794ce9000 JavaThread "Cache worker for checksums cache (I:\E\Mes Documents\Formation\Dev-Web-Open\Android-Greta\TP-Projet\MonProjet\.gradle\checksums)" [_thread_blocked, id=16368, stack(0x00000031d5300000,0x00000031d5400000)]
  0x0000016794ce6000 JavaThread "Cache worker for cache directory md-supplier (C:\Users\Hihu.PC-HIEP\.gradle\caches\7.2\md-supplier)" [_thread_blocked, id=17128, stack(0x00000031d5400000,0x00000031d5500000)]
  0x0000016794cef800 JavaThread "Cache worker for cache directory md-rule (C:\Users\Hihu.PC-HIEP\.gradle\caches\7.2\md-rule)" [_thread_blocked, id=10912, stack(0x00000031d5800000,0x00000031d5900000)]
  0x0000016794ceb000 JavaThread "Cache worker for dependencies-accessors (I:\E\Mes Documents\Formation\Dev-Web-Open\Android-Greta\TP-Projet\MonProjet\.gradle\7.2\dependencies-accessors)" [_thread_blocked, id=13780, stack(0x00000031d5900000,0x00000031d5a00000)]
  0x0000016794cec800 JavaThread "Cache worker for Build Output Cleanup Cache (I:\E\Mes Documents\Formation\Dev-Web-Open\Android-Greta\TP-Projet\MonProjet\.gradle\buildOutputCleanup)" [_thread_blocked, id=18308, stack(0x00000031d5a00000,0x00000031d5b00000)]
  0x0000016794cf0800 JavaThread "C2 CompilerThread1" daemon [_thread_in_native, id=20940, stack(0x00000031d5b00000,0x00000031d5c00000)]
  0x0000016794cee000 JavaThread "Unconstrained build operations" [_thread_blocked, id=17568, stack(0x00000031d5c00000,0x00000031d5d00000)]
  0x0000016794cef000 JavaThread "Unconstrained build operations Thread 2" [_thread_blocked, id=14312, stack(0x00000031d5d00000,0x00000031d5e00000)]
  0x00000167930a5000 JavaThread "Unconstrained build operations Thread 3" [_thread_blocked, id=17888, stack(0x00000031d5e00000,0x00000031d5f00000)]
  0x00000167930aa000 JavaThread "Unconstrained build operations Thread 4" [_thread_blocked, id=16876, stack(0x00000031d5f00000,0x00000031d6000000)]
  0x00000167930a7800 JavaThread "Unconstrained build operations Thread 5" [_thread_blocked, id=16612, stack(0x00000031d6000000,0x00000031d6100000)]
  0x00000167930aa800 JavaThread "Unconstrained build operations Thread 6" [_thread_blocked, id=13028, stack(0x00000031d6100000,0x00000031d6200000)]
  0x00000167930a6800 JavaThread "Unconstrained build operations Thread 7" [_thread_blocked, id=15652, stack(0x00000031d6200000,0x00000031d6300000)]
  0x00000167930a8000 JavaThread "Unconstrained build operations Thread 8" [_thread_blocked, id=8332, stack(0x00000031d6300000,0x00000031d6400000)]
  0x00000167930b0800 JavaThread "Unconstrained build operations Thread 9" [_thread_blocked, id=7852, stack(0x00000031d6400000,0x00000031d6500000)]
  0x00000167930af800 JavaThread "Unconstrained build operations Thread 10" [_thread_blocked, id=15492, stack(0x00000031d6500000,0x00000031d6600000)]
  0x00000167930b1000 JavaThread "Unconstrained build operations Thread 11" [_thread_blocked, id=17416, stack(0x00000031d6600000,0x00000031d6700000)]
  0x00000167930af000 JavaThread "Unconstrained build operations Thread 12" [_thread_blocked, id=11028, stack(0x00000031d6700000,0x00000031d6800000)]
  0x00000167930ab800 JavaThread "Unconstrained build operations Thread 13" [_thread_blocked, id=19056, stack(0x00000031d6800000,0x00000031d6900000)]
  0x00000167930b2000 JavaThread "Unconstrained build operations Thread 14" [_thread_blocked, id=13308, stack(0x00000031d6900000,0x00000031d6a00000)]
  0x00000167930ad000 JavaThread "Unconstrained build operations Thread 15" [_thread_blocked, id=18260, stack(0x00000031d6a00000,0x00000031d6b00000)]
  0x00000167930ac800 JavaThread "Unconstrained build operations Thread 16" [_thread_blocked, id=16248, stack(0x00000031d6b00000,0x00000031d6c00000)]
  0x00000167930b3800 JavaThread "Unconstrained build operations Thread 17" [_thread_blocked, id=1184, stack(0x00000031d6c00000,0x00000031d6d00000)]
  0x00000167930ae000 JavaThread "Unconstrained build operations Thread 18" [_thread_blocked, id=17104, stack(0x00000031d6d00000,0x00000031d6e00000)]
  0x00000167930b3000 JavaThread "Unconstrained build operations Thread 19" [_thread_blocked, id=7064, stack(0x00000031d6e00000,0x00000031d6f00000)]
  0x00000167fea1b800 JavaThread "Unconstrained build operations Thread 20" [_thread_blocked, id=12992, stack(0x00000031d6f00000,0x00000031d7000000)]
  0x00000167fea1a000 JavaThread "Unconstrained build operations Thread 21" [_thread_blocked, id=14788, stack(0x00000031d7000000,0x00000031d7100000)]
  0x00000167fea1c800 JavaThread "Unconstrained build operations Thread 22" [_thread_blocked, id=568, stack(0x00000031d7100000,0x00000031d7200000)]
  0x00000167fea1d000 JavaThread "Unconstrained build operations Thread 23" [_thread_blocked, id=17304, stack(0x00000031d7200000,0x00000031d7300000)]
  0x00000167fea1e000 JavaThread "Unconstrained build operations Thread 24" [_thread_blocked, id=18648, stack(0x00000031d7300000,0x00000031d7400000)]
  0x00000167fea19000 JavaThread "Unconstrained build operations Thread 25" [_thread_blocked, id=16472, stack(0x00000031d7400000,0x00000031d7500000)]
  0x00000167fea18000 JavaThread "Unconstrained build operations Thread 26" [_thread_blocked, id=11848, stack(0x00000031d7500000,0x00000031d7600000)]
  0x00000167fea22000 JavaThread "Unconstrained build operations Thread 27" [_thread_blocked, id=7584, stack(0x00000031d7600000,0x00000031d7700000)]
  0x00000167fea21000 JavaThread "Unconstrained build operations Thread 28" [_thread_blocked, id=13884, stack(0x00000031d7700000,0x00000031d7800000)]
  0x00000167fea23000 JavaThread "Unconstrained build operations Thread 29" [_thread_blocked, id=19168, stack(0x00000031d7800000,0x00000031d7900000)]
  0x00000167fea23800 JavaThread "Unconstrained build operations Thread 30" [_thread_blocked, id=13952, stack(0x00000031d7900000,0x00000031d7a00000)]
  0x00000167fea20800 JavaThread "Unconstrained build operations Thread 31" [_thread_blocked, id=19752, stack(0x00000031d7a00000,0x00000031d7b00000)]
  0x00000167fea1f800 JavaThread "Unconstrained build operations Thread 32" [_thread_blocked, id=2020, stack(0x00000031d7b00000,0x00000031d7c00000)]
  0x00000167fea24800 JavaThread "Unconstrained build operations Thread 33" [_thread_blocked, id=13412, stack(0x00000031d7c00000,0x00000031d7d00000)]
  0x00000167fea1f000 JavaThread "Unconstrained build operations Thread 34" [_thread_blocked, id=18136, stack(0x00000031d7d00000,0x00000031d7e00000)]
  0x00000167fea25800 JavaThread "Unconstrained build operations Thread 35" [_thread_blocked, id=17504, stack(0x00000031d7e00000,0x00000031d7f00000)]
  0x00000167fea26000 JavaThread "Unconstrained build operations Thread 36" [_thread_blocked, id=19944, stack(0x00000031d7f00000,0x00000031d8000000)]
  0x00000167fe9ee800 JavaThread "Unconstrained build operations Thread 37" [_thread_blocked, id=18440, stack(0x00000031d8000000,0x00000031d8100000)]
  0x00000167fe9e8800 JavaThread "Unconstrained build operations Thread 38" [_thread_blocked, id=9740, stack(0x00000031d8100000,0x00000031d8200000)]
  0x00000167fe9f1800 JavaThread "Unconstrained build operations Thread 39" [_thread_blocked, id=17396, stack(0x00000031d8200000,0x00000031d8300000)]
  0x00000167fe9ef000 JavaThread "Unconstrained build operations Thread 40" [_thread_blocked, id=10812, stack(0x00000031d8300000,0x00000031d8400000)]
  0x00000167fe9f0000 JavaThread "Unconstrained build operations Thread 41" [_thread_blocked, id=10320, stack(0x00000031d8400000,0x00000031d8500000)]
  0x00000167fe9f6800 JavaThread "Unconstrained build operations Thread 42" [_thread_blocked, id=4800, stack(0x00000031d8500000,0x00000031d8600000)]
  0x00000167fe9f0800 JavaThread "Unconstrained build operations Thread 43" [_thread_blocked, id=7512, stack(0x00000031d8600000,0x00000031d8700000)]
  0x00000167fc345800 JavaThread "Unconstrained build operations Thread 44" [_thread_blocked, id=20212, stack(0x00000031d8700000,0x00000031d8800000)]
  0x00000167fc349800 JavaThread "Unconstrained build operations Thread 45" [_thread_blocked, id=220, stack(0x00000031d8800000,0x00000031d8900000)]
  0x00000167fc34c000 JavaThread "Unconstrained build operations Thread 46" [_thread_blocked, id=17044, stack(0x00000031d8900000,0x00000031d8a00000)]
  0x00000167fc347000 JavaThread "Unconstrained build operations Thread 47" [_thread_blocked, id=10648, stack(0x00000031d8a00000,0x00000031d8b00000)]
  0x000001679363f800 JavaThread "Unconstrained build operations Thread 48" [_thread_blocked, id=2280, stack(0x00000031d8b00000,0x00000031d8c00000)]
  0x0000016793640000 JavaThread "Unconstrained build operations Thread 49" [_thread_blocked, id=15984, stack(0x00000031d8c00000,0x00000031d8d00000)]
  0x0000016793642800 JavaThread "Unconstrained build operations Thread 50" [_thread_blocked, id=3804, stack(0x00000031d8d00000,0x00000031d8e00000)]
  0x0000016793641000 JavaThread "Unconstrained build operations Thread 51" [_thread_blocked, id=15204, stack(0x00000031d8e00000,0x00000031d8f00000)]
  0x0000016793641800 JavaThread "Unconstrained build operations Thread 52" [_thread_blocked, id=19416, stack(0x00000031d8f00000,0x00000031d9000000)]
  0x000001679363e800 JavaThread "Unconstrained build operations Thread 53" [_thread_blocked, id=5200, stack(0x00000031d9000000,0x00000031d9100000)]
  0x0000016793649000 JavaThread "Unconstrained build operations Thread 54" [_thread_blocked, id=9784, stack(0x00000031d9100000,0x00000031d9200000)]
  0x0000016793647800 JavaThread "Unconstrained build operations Thread 55" [_thread_blocked, id=9600, stack(0x00000031d9200000,0x00000031d9300000)]
  0x0000016793646000 JavaThread "Unconstrained build operations Thread 56" [_thread_blocked, id=15152, stack(0x00000031d9300000,0x00000031d9400000)]
  0x0000016793646800 JavaThread "Unconstrained build operations Thread 57" [_thread_blocked, id=12836, stack(0x00000031d9400000,0x00000031d9500000)]
  0x0000016793644000 JavaThread "Unconstrained build operations Thread 58" [_thread_blocked, id=5008, stack(0x00000031d9500000,0x00000031d9600000)]
  0x0000016793648000 JavaThread "Unconstrained build operations Thread 59" [_thread_blocked, id=8600, stack(0x00000031d9600000,0x00000031d9700000)]
  0x0000016793643800 JavaThread "Unconstrained build operations Thread 60" [_thread_blocked, id=9652, stack(0x00000031d9700000,0x00000031d9800000)]
  0x000001679364a000 JavaThread "Unconstrained build operations Thread 61" [_thread_blocked, id=2236, stack(0x00000031d9800000,0x00000031d9900000)]
  0x000001679364a800 JavaThread "Unconstrained build operations Thread 62" [_thread_blocked, id=12136, stack(0x00000031d9900000,0x00000031d9a00000)]
  0x0000016793645000 JavaThread "Unconstrained build operations Thread 63" [_thread_blocked, id=13464, stack(0x00000031d9a00000,0x00000031d9b00000)]
  0x000001679364b800 JavaThread "Unconstrained build operations Thread 64" [_thread_blocked, id=12224, stack(0x00000031d9b00000,0x00000031d9c00000)]
  0x000001679364d000 JavaThread "Unconstrained build operations Thread 65" [_thread_blocked, id=21276, stack(0x00000031d9c00000,0x00000031d9d00000)]
  0x000001679364c800 JavaThread "Unconstrained build operations Thread 66" [_thread_blocked, id=15860, stack(0x00000031d9d00000,0x00000031d9e00000)]
  0x0000016794aab800 JavaThread "Unconstrained build operations Thread 67" [_thread_blocked, id=3452, stack(0x00000031d9e00000,0x00000031d9f00000)]
  0x0000016794aaa000 JavaThread "Unconstrained build operations Thread 68" [_thread_blocked, id=20280, stack(0x00000031d9f00000,0x00000031da000000)]
  0x0000016794aad000 JavaThread "Unconstrained build operations Thread 69" [_thread_blocked, id=8912, stack(0x00000031da000000,0x00000031da100000)]
  0x0000016794aa7800 JavaThread "Unconstrained build operations Thread 70" [_thread_blocked, id=13092, stack(0x00000031da100000,0x00000031da200000)]
  0x0000016794aa8000 JavaThread "Unconstrained build operations Thread 71" [_thread_blocked, id=16192, stack(0x00000031da200000,0x00000031da300000)]
  0x0000016794aae000 JavaThread "Unconstrained build operations Thread 72" [_thread_blocked, id=5728, stack(0x00000031da300000,0x00000031da400000)]
  0x0000016794aac800 JavaThread "Unconstrained build operations Thread 73" [_thread_blocked, id=18152, stack(0x00000031da400000,0x00000031da500000)]
  0x0000016794aae800 JavaThread "Unconstrained build operations Thread 74" [_thread_blocked, id=14056, stack(0x00000031da500000,0x00000031da600000)]
  0x0000016794aa9000 JavaThread "Unconstrained build operations Thread 75" [_thread_blocked, id=13284, stack(0x00000031da600000,0x00000031da700000)]
  0x0000016794ab0800 JavaThread "Unconstrained build operations Thread 76" [_thread_blocked, id=6872, stack(0x00000031da700000,0x00000031da800000)]
  0x0000016794aaf800 JavaThread "Unconstrained build operations Thread 77" [_thread_blocked, id=17196, stack(0x00000031da800000,0x00000031da900000)]
  0x0000016794aaa800 JavaThread "Unconstrained build operations Thread 78" [_thread_blocked, id=17056, stack(0x00000031da900000,0x00000031daa00000)]
  0x0000016794ab1000 JavaThread "Unconstrained build operations Thread 79" [_thread_blocked, id=14420, stack(0x00000031dac00000,0x00000031dad00000)]
  0x0000016794ab4800 JavaThread "Unconstrained build operations Thread 80" [_thread_blocked, id=16964, stack(0x00000031dad00000,0x00000031dae00000)]
=>0x0000016794ab2000 JavaThread "C2 CompilerThread2" daemon [_thread_in_native, id=13388, stack(0x00000031dae00000,0x00000031daf00000)]

Other Threads:
  0x00000167f999e000 VMThread "VM Thread" [stack: 0x00000031d2500000,0x00000031d2600000] [id=1492]
  0x00000167fa3db000 WatcherThread [stack: 0x00000031d2f00000,0x00000031d3000000] [id=13736]
  0x00000167ee50a000 GCTaskThread "GC Thread#0" [stack: 0x00000031d2000000,0x00000031d2100000] [id=12104]
  0x00000167fb302000 GCTaskThread "GC Thread#1" [stack: 0x00000031d3200000,0x00000031d3300000] [id=20332]
  0x00000167fbc19800 GCTaskThread "GC Thread#2" [stack: 0x00000031d3300000,0x00000031d3400000] [id=20520]
  0x00000167fab12000 GCTaskThread "GC Thread#3" [stack: 0x00000031d3400000,0x00000031d3500000] [id=17716]
  0x00000167fb24f800 GCTaskThread "GC Thread#4" [stack: 0x00000031d3500000,0x00000031d3600000] [id=7312]
  0x00000167fc799000 GCTaskThread "GC Thread#5" [stack: 0x00000031d4200000,0x00000031d4300000] [id=14380]
  0x00000167fc799800 GCTaskThread "GC Thread#6" [stack: 0x00000031d4300000,0x00000031d4400000] [id=2756]
  0x00000167fb94c000 GCTaskThread "GC Thread#7" [stack: 0x00000031d4400000,0x00000031d4500000] [id=17688]
  0x00000167ee53d000 ConcurrentGCThread "G1 Main Marker" [stack: 0x00000031d2100000,0x00000031d2200000] [id=4648]
  0x00000167ee53e800 ConcurrentGCThread "G1 Conc#0" [stack: 0x00000031d2200000,0x00000031d2300000] [id=17804]
  0x00000167fab2b000 ConcurrentGCThread "G1 Conc#1" [stack: 0x00000031d4500000,0x00000031d4600000] [id=19924]
  0x00000167f981a800 ConcurrentGCThread "G1 Refine#0" [stack: 0x00000031d2300000,0x00000031d2400000] [id=10924]
  0x000001678fde6000 ConcurrentGCThread "G1 Refine#1" [stack: 0x00000031d5700000,0x00000031d5800000] [id=9660]
  0x0000016791125000 ConcurrentGCThread "G1 Refine#2" [stack: 0x00000031daa00000,0x00000031dab00000] [id=16424]
  0x0000016792e19000 ConcurrentGCThread "G1 Refine#3" [stack: 0x00000031d4700000,0x00000031d4800000] [id=18412]
  0x00000167fd068000 ConcurrentGCThread "G1 Refine#4" [stack: 0x00000031d5200000,0x00000031d5300000] [id=12480]
  0x00000167f981b000 ConcurrentGCThread "G1 Young RemSet Sampling" [stack: 0x00000031d2400000,0x00000031d2500000] [id=16576]

Threads with active compile tasks:
C2 CompilerThread04390711 23415       4       org.codehaus.groovy.ast.ClassNode::getDeclaredMethodsMap (56 bytes)
C2 CompilerThread14390711 23435 %     4       org.objectweb.asm.ClassReader::readCode @ 92 (5109 bytes)
C2 CompilerThread24390711 23364       4       org.gradle.api.internal.plugins.DefaultPluginManager::pluginsForId (123 bytes)

VM state:not at safepoint (normal execution)

VM Mutex/Monitor currently owned by a thread: None

Heap address: 0x0000000080000000, size: 2048 MB, Compressed Oops mode: 32-bit
Narrow klass base: 0x0000000000000000, Narrow klass shift: 3
Compressed class space size: 1073741824 Address: 0x0000000100000000

Heap:
 garbage-first heap   total 280576K, used 163315K [0x0000000080000000, 0x0000000100000000)
  region size 1024K, 17 young (17408K), 4 survivors (4096K)
 Metaspace       used 132346K, capacity 136914K, committed 137128K, reserved 1169408K
  class space    used 16531K, capacity 18155K, committed 18176K, reserved 1048576K
Heap Regions: E=young(eden), S=young(survivor), O=old, HS=humongous(starts), HC=humongous(continues), CS=collection set, F=free, A=archive, TAMS=top-at-mark-start (previous, next)
|   0|0x0000000080000000, 0x0000000080100000, 0x0000000080100000|100%| O|  |TAMS 0x0000000080100000, 0x0000000080000000| Untracked 
|   1|0x0000000080100000, 0x0000000080200000, 0x0000000080200000|100%| O|  |TAMS 0x0000000080200000, 0x0000000080100000| Complete 
|   2|0x0000000080200000, 0x0000000080300000, 0x0000000080300000|100%| O|  |TAMS 0x0000000080300000, 0x0000000080200000| Untracked 
|   3|0x0000000080300000, 0x0000000080400000, 0x0000000080400000|100%|HS|  |TAMS 0x0000000080400000, 0x0000000080300000| Complete 
|   4|0x0000000080400000, 0x0000000080500000, 0x0000000080500000|100%|HC|  |TAMS 0x0000000080500000, 0x0000000080400000| Complete 
|   5|0x0000000080500000, 0x0000000080600000, 0x0000000080600000|100%|HC|  |TAMS 0x0000000080600000, 0x0000000080500000| Complete 
|   6|0x0000000080600000, 0x0000000080700000, 0x0000000080700000|100%| O|  |TAMS 0x0000000080700000, 0x0000000080600000| Untracked 
|   7|0x0000000080700000, 0x0000000080800000, 0x0000000080800000|100%| O|  |TAMS 0x0000000080800000, 0x0000000080700000| Untracked 
|   8|0x0000000080800000, 0x0000000080900000, 0x0000000080900000|100%| O|  |TAMS 0x0000000080900000, 0x0000000080800000| Untracked 
|   9|0x0000000080900000, 0x0000000080a00000, 0x0000000080a00000|100%| O|  |TAMS 0x0000000080a00000, 0x0000000080900000| Untracked 
|  10|0x0000000080a00000, 0x0000000080b00000, 0x0000000080b00000|100%| O|  |TAMS 0x0000000080b00000, 0x0000000080a00000| Untracked 
|  11|0x0000000080b00000, 0x0000000080c00000, 0x0000000080c00000|100%| O|  |TAMS 0x0000000080c00000, 0x0000000080b00000| Untracked 
|  12|0x0000000080c00000, 0x0000000080d00000, 0x0000000080d00000|100%| O|  |TAMS 0x0000000080d00000, 0x0000000080c00000| Untracked 
|  13|0x0000000080d00000, 0x0000000080e00000, 0x0000000080e00000|100%| O|  |TAMS 0x0000000080e00000, 0x0000000080d00000| Untracked 
|  14|0x0000000080e00000, 0x0000000080f00000, 0x0000000080f00000|100%| O|  |TAMS 0x0000000080f00000, 0x0000000080e00000| Complete 
|  15|0x0000000080f00000, 0x0000000081000000, 0x0000000081000000|100%| O|  |TAMS 0x0000000081000000, 0x0000000080f00000| Untracked 
|  16|0x0000000081000000, 0x0000000081100000, 0x0000000081100000|100%| O|  |TAMS 0x0000000081100000, 0x0000000081000000| Complete 
|  17|0x0000000081100000, 0x0000000081200000, 0x0000000081200000|100%|HS|  |TAMS 0x0000000081200000, 0x0000000081100000| Complete 
|  18|0x0000000081200000, 0x0000000081300000, 0x0000000081300000|100%|HC|  |TAMS 0x0000000081300000, 0x0000000081200000| Complete 
|  19|0x0000000081300000, 0x0000000081400000, 0x0000000081400000|100%|HS|  |TAMS 0x0000000081400000, 0x0000000081300000| Complete 
|  20|0x0000000081400000, 0x0000000081500000, 0x0000000081500000|100%|HC|  |TAMS 0x0000000081500000, 0x0000000081400000| Complete 
|  21|0x0000000081500000, 0x0000000081600000, 0x0000000081600000|100%|HC|  |TAMS 0x0000000081600000, 0x0000000081500000| Complete 
|  22|0x0000000081600000, 0x0000000081700000, 0x0000000081700000|100%|HS|  |TAMS 0x0000000081700000, 0x0000000081600000| Complete 
|  23|0x0000000081700000, 0x0000000081800000, 0x0000000081800000|100%|HC|  |TAMS 0x0000000081800000, 0x0000000081700000| Complete 
|  24|0x0000000081800000, 0x0000000081900000, 0x0000000081900000|100%|HC|  |TAMS 0x0000000081900000, 0x0000000081800000| Complete 
|  25|0x0000000081900000, 0x0000000081a00000, 0x0000000081a00000|100%|HC|  |TAMS 0x0000000081a00000, 0x0000000081900000| Complete 
|  26|0x0000000081a00000, 0x0000000081b00000, 0x0000000081b00000|100%|HS|  |TAMS 0x0000000081b00000, 0x0000000081a00000| Complete 
|  27|0x0000000081b00000, 0x0000000081c00000, 0x0000000081c00000|100%|HS|  |TAMS 0x0000000081c00000, 0x0000000081b00000| Complete 
|  28|0x0000000081c00000, 0x0000000081d00000, 0x0000000081d00000|100%|HS|  |TAMS 0x0000000081d00000, 0x0000000081c00000| Complete 
|  29|0x0000000081d00000, 0x0000000081e00000, 0x0000000081e00000|100%|HS|  |TAMS 0x0000000081e00000, 0x0000000081d00000| Complete 
|  30|0x0000000081e00000, 0x0000000081f00000, 0x0000000081f00000|100%|HC|  |TAMS 0x0000000081f00000, 0x0000000081e00000| Complete 
|  31|0x0000000081f00000, 0x0000000082000000, 0x0000000082000000|100%|HC|  |TAMS 0x0000000082000000, 0x0000000081f00000| Complete 
|  32|0x0000000082000000, 0x0000000082100000, 0x0000000082100000|100%|HS|  |TAMS 0x0000000082100000, 0x0000000082000000| Complete 
|  33|0x0000000082100000, 0x0000000082200000, 0x0000000082200000|100%| O|  |TAMS 0x0000000082200000, 0x0000000082100000| Complete 
|  34|0x0000000082200000, 0x0000000082300000, 0x0000000082300000|100%| O|  |TAMS 0x0000000082300000, 0x0000000082200000| Untracked 
|  35|0x0000000082300000, 0x0000000082400000, 0x0000000082400000|100%| O|  |TAMS 0x0000000082400000, 0x0000000082300000| Complete 
|  36|0x0000000082400000, 0x0000000082500000, 0x0000000082500000|100%|HS|  |TAMS 0x0000000082500000, 0x0000000082400000| Complete 
|  37|0x0000000082500000, 0x0000000082600000, 0x0000000082600000|100%|HC|  |TAMS 0x0000000082600000, 0x0000000082500000| Complete 
|  38|0x0000000082600000, 0x0000000082700000, 0x0000000082700000|100%|HC|  |TAMS 0x0000000082700000, 0x0000000082600000| Complete 
|  39|0x0000000082700000, 0x0000000082800000, 0x0000000082800000|100%|HC|  |TAMS 0x0000000082800000, 0x0000000082700000| Complete 
|  40|0x0000000082800000, 0x0000000082900000, 0x0000000082900000|100%|HS|  |TAMS 0x0000000082900000, 0x0000000082800000| Complete 
|  41|0x0000000082900000, 0x0000000082a00000, 0x0000000082a00000|100%|HC|  |TAMS 0x0000000082a00000, 0x0000000082900000| Complete 
|  42|0x0000000082a00000, 0x0000000082b00000, 0x0000000082b00000|100%|HC|  |TAMS 0x0000000082b00000, 0x0000000082a00000| Complete 
|  43|0x0000000082b00000, 0x0000000082c00000, 0x0000000082c00000|100%| O|  |TAMS 0x0000000082c00000, 0x0000000082b00000| Untracked 
|  44|0x0000000082c00000, 0x0000000082d00000, 0x0000000082d00000|100%| O|  |TAMS 0x0000000082d00000, 0x0000000082c00000| Untracked 
|  45|0x0000000082d00000, 0x0000000082e00000, 0x0000000082e00000|100%| O|  |TAMS 0x0000000082e00000, 0x0000000082d00000| Untracked 
|  46|0x0000000082e00000, 0x0000000082f00000, 0x0000000082f00000|100%| O|  |TAMS 0x0000000082f00000, 0x0000000082e00000| Untracked 
|  47|0x0000000082f00000, 0x0000000083000000, 0x0000000083000000|100%| O|  |TAMS 0x0000000083000000, 0x0000000082f00000| Untracked 
|  48|0x0000000083000000, 0x0000000083100000, 0x0000000083100000|100%| O|  |TAMS 0x0000000083100000, 0x0000000083000000| Complete 
|  49|0x0000000083100000, 0x0000000083200000, 0x0000000083200000|100%| O|  |TAMS 0x0000000083200000, 0x0000000083100000| Complete 
|  50|0x0000000083200000, 0x0000000083300000, 0x0000000083300000|100%| O|  |TAMS 0x0000000083300000, 0x0000000083200000| Complete 
|  51|0x0000000083300000, 0x0000000083400000, 0x0000000083400000|100%| O|  |TAMS 0x0000000083400000, 0x0000000083300000| Untracked 
|  52|0x0000000083400000, 0x0000000083500000, 0x0000000083500000|100%|HS|  |TAMS 0x0000000083500000, 0x0000000083400000| Complete 
|  53|0x0000000083500000, 0x0000000083600000, 0x0000000083600000|100%|HC|  |TAMS 0x0000000083600000, 0x0000000083500000| Complete 
|  54|0x0000000083600000, 0x0000000083700000, 0x0000000083700000|100%| O|  |TAMS 0x0000000083700000, 0x0000000083600000| Complete 
|  55|0x0000000083700000, 0x0000000083800000, 0x0000000083800000|100%| O|  |TAMS 0x0000000083800000, 0x0000000083700000| Untracked 
|  56|0x0000000083800000, 0x0000000083900000, 0x0000000083900000|100%| O|  |TAMS 0x0000000083900000, 0x0000000083800000| Untracked 
|  57|0x0000000083900000, 0x0000000083a00000, 0x0000000083a00000|100%| O|  |TAMS 0x0000000083a00000, 0x0000000083900000| Untracked 
|  58|0x0000000083a00000, 0x0000000083b00000, 0x0000000083b00000|100%| O|  |TAMS 0x0000000083b00000, 0x0000000083a00000| Untracked 
|  59|0x0000000083b00000, 0x0000000083c00000, 0x0000000083c00000|100%| O|  |TAMS 0x0000000083c00000, 0x0000000083b00000| Complete 
|  60|0x0000000083c00000, 0x0000000083d00000, 0x0000000083d00000|100%| O|  |TAMS 0x0000000083d00000, 0x0000000083c00000| Untracked 
|  61|0x0000000083d00000, 0x0000000083e00000, 0x0000000083e00000|100%| O|  |TAMS 0x0000000083e00000, 0x0000000083d00000| Untracked 
|  62|0x0000000083e00000, 0x0000000083f00000, 0x0000000083f00000|100%| O|  |TAMS 0x0000000083f00000, 0x0000000083e00000| Complete 
|  63|0x0000000083f00000, 0x0000000084000000, 0x0000000084000000|100%| O|  |TAMS 0x0000000084000000, 0x0000000083f00000| Complete 
|  64|0x0000000084000000, 0x00000000840de000, 0x0000000084100000| 86%| O|  |TAMS 0x00000000840de000, 0x0000000084000000| Untracked 
|  65|0x0000000084100000, 0x0000000084200000, 0x0000000084200000|100%| O|  |TAMS 0x0000000084200000, 0x0000000084100000| Complete 
|  66|0x0000000084200000, 0x0000000084300000, 0x0000000084300000|100%| O|  |TAMS 0x0000000084300000, 0x0000000084200000| Complete 
|  67|0x0000000084300000, 0x0000000084400000, 0x0000000084400000|100%| O|  |TAMS 0x0000000084400000, 0x0000000084300000| Untracked 
|  68|0x0000000084400000, 0x0000000084500000, 0x0000000084500000|100%| O|  |TAMS 0x0000000084500000, 0x0000000084400000| Untracked 
|  69|0x0000000084500000, 0x0000000084600000, 0x0000000084600000|100%|HS|  |TAMS 0x0000000084500000, 0x0000000084500000| Complete 
|  70|0x0000000084600000, 0x0000000084700000, 0x0000000084700000|100%| O|  |TAMS 0x0000000084700000, 0x0000000084600000| Untracked 
|  71|0x0000000084700000, 0x0000000084800000, 0x0000000084800000|100%| O|  |TAMS 0x0000000084800000, 0x0000000084700000| Untracked 
|  72|0x0000000084800000, 0x0000000084900000, 0x0000000084900000|100%| O|  |TAMS 0x0000000084900000, 0x0000000084800000| Complete 
|  73|0x0000000084900000, 0x0000000084a00000, 0x0000000084a00000|100%| O|  |TAMS 0x0000000084a00000, 0x0000000084900000| Complete 
|  74|0x0000000084a00000, 0x0000000084b00000, 0x0000000084b00000|100%| O|  |TAMS 0x0000000084b00000, 0x0000000084a00000| Untracked 
|  75|0x0000000084b00000, 0x0000000084c00000, 0x0000000084c00000|100%| O|  |TAMS 0x0000000084c00000, 0x0000000084b00000| Untracked 
|  76|0x0000000084c00000, 0x0000000084d00000, 0x0000000084d00000|100%| O|  |TAMS 0x0000000084d00000, 0x0000000084c00000| Untracked 
|  77|0x0000000084d00000, 0x0000000084d00000, 0x0000000084e00000|  0%| F|  |TAMS 0x0000000084d00000, 0x0000000084d00000| Untracked 
|  78|0x0000000084e00000, 0x0000000084f00000, 0x0000000084f00000|100%|HS|  |TAMS 0x0000000084f00000, 0x0000000084e00000| Complete 
|  79|0x0000000084f00000, 0x0000000085000000, 0x0000000085000000|100%|HC|  |TAMS 0x0000000085000000, 0x0000000084f00000| Complete 
|  80|0x0000000085000000, 0x0000000085100000, 0x0000000085100000|100%|HS|  |TAMS 0x0000000085100000, 0x0000000085000000| Complete 
|  81|0x0000000085100000, 0x0000000085200000, 0x0000000085200000|100%|HC|  |TAMS 0x0000000085200000, 0x0000000085100000| Complete 
|  82|0x0000000085200000, 0x0000000085300000, 0x0000000085300000|100%|HC|  |TAMS 0x0000000085300000, 0x0000000085200000| Complete 
|  83|0x0000000085300000, 0x0000000085400000, 0x0000000085400000|100%|HS|  |TAMS 0x0000000085400000, 0x0000000085300000| Complete 
|  84|0x0000000085400000, 0x0000000085500000, 0x0000000085500000|100%|HC|  |TAMS 0x0000000085500000, 0x0000000085400000| Complete 
|  85|0x0000000085500000, 0x0000000085600000, 0x0000000085600000|100%|HC|  |TAMS 0x0000000085600000, 0x0000000085500000| Complete 
|  86|0x0000000085600000, 0x0000000085700000, 0x0000000085700000|100%|HC|  |TAMS 0x0000000085700000, 0x0000000085600000| Complete 
|  87|0x0000000085700000, 0x0000000085800000, 0x0000000085800000|100%| O|  |TAMS 0x0000000085800000, 0x0000000085700000| Complete 
|  88|0x0000000085800000, 0x0000000085900000, 0x0000000085900000|100%| O|  |TAMS 0x0000000085900000, 0x0000000085800000| Untracked 
|  89|0x0000000085900000, 0x0000000085900000, 0x0000000085a00000|  0%| F|  |TAMS 0x0000000085900000, 0x0000000085900000| Untracked 
|  90|0x0000000085a00000, 0x0000000085b00000, 0x0000000085b00000|100%| O|  |TAMS 0x0000000085b00000, 0x0000000085a00000| Untracked 
|  91|0x0000000085b00000, 0x0000000085c00000, 0x0000000085c00000|100%| O|  |TAMS 0x0000000085c00000, 0x0000000085b00000| Untracked 
|  92|0x0000000085c00000, 0x0000000085d00000, 0x0000000085d00000|100%| O|  |TAMS 0x0000000085d00000, 0x0000000085c00000| Complete 
|  93|0x0000000085d00000, 0x0000000085d00000, 0x0000000085e00000|  0%| F|  |TAMS 0x0000000085d00000, 0x0000000085d00000| Untracked 
|  94|0x0000000085e00000, 0x0000000085f00000, 0x0000000085f00000|100%| O|  |TAMS 0x0000000085f00000, 0x0000000085e00000| Complete 
|  95|0x0000000085f00000, 0x0000000086000000, 0x0000000086000000|100%| O|  |TAMS 0x0000000086000000, 0x0000000085f00000| Untracked 
|  96|0x0000000086000000, 0x0000000086100000, 0x0000000086100000|100%| O|  |TAMS 0x0000000086100000, 0x0000000086000000| Untracked 
|  97|0x0000000086100000, 0x0000000086100000, 0x0000000086200000|  0%| F|  |TAMS 0x0000000086100000, 0x0000000086100000| Untracked 
|  98|0x0000000086200000, 0x0000000086300000, 0x0000000086300000|100%| O|  |TAMS 0x0000000086300000, 0x0000000086200000| Complete 
|  99|0x0000000086300000, 0x0000000086300000, 0x0000000086400000|  0%| F|  |TAMS 0x0000000086300000, 0x0000000086300000| Untracked 
| 100|0x0000000086400000, 0x0000000086500000, 0x0000000086500000|100%| O|  |TAMS 0x0000000086500000, 0x0000000086400000| Complete 
| 101|0x0000000086500000, 0x0000000086600000, 0x0000000086600000|100%| O|  |TAMS 0x0000000086600000, 0x0000000086500000| Complete 
| 102|0x0000000086600000, 0x0000000086600000, 0x0000000086700000|  0%| F|  |TAMS 0x0000000086600000, 0x0000000086600000| Untracked 
| 103|0x0000000086700000, 0x0000000086700000, 0x0000000086800000|  0%| F|  |TAMS 0x0000000086700000, 0x0000000086700000| Untracked 
| 104|0x0000000086800000, 0x0000000086800000, 0x0000000086900000|  0%| F|  |TAMS 0x0000000086800000, 0x0000000086800000| Untracked 
| 105|0x0000000086900000, 0x0000000086900000, 0x0000000086a00000|  0%| F|  |TAMS 0x0000000086900000, 0x0000000086900000| Untracked 
| 106|0x0000000086a00000, 0x0000000086b00000, 0x0000000086b00000|100%| O|  |TAMS 0x0000000086b00000, 0x0000000086a00000| Untracked 
| 107|0x0000000086b00000, 0x0000000086c00000, 0x0000000086c00000|100%| O|  |TAMS 0x0000000086c00000, 0x0000000086b00000| Complete 
| 108|0x0000000086c00000, 0x0000000086d00000, 0x0000000086d00000|100%| O|  |TAMS 0x0000000086d00000, 0x0000000086c00000| Complete 
| 109|0x0000000086d00000, 0x0000000086d00000, 0x0000000086e00000|  0%| F|  |TAMS 0x0000000086d00000, 0x0000000086d00000| Untracked 
| 110|0x0000000086e00000, 0x0000000086f00000, 0x0000000086f00000|100%| O|  |TAMS 0x0000000086f00000, 0x0000000086e00000| Complete 
| 111|0x0000000086f00000, 0x0000000087000000, 0x0000000087000000|100%| O|  |TAMS 0x0000000087000000, 0x0000000086f00000| Complete 
| 112|0x0000000087000000, 0x0000000087100000, 0x0000000087100000|100%| O|  |TAMS 0x0000000087100000, 0x0000000087000000| Untracked 
| 113|0x0000000087100000, 0x0000000087100000, 0x0000000087200000|  0%| F|  |TAMS 0x0000000087100000, 0x0000000087100000| Untracked 
| 114|0x0000000087200000, 0x0000000087300000, 0x0000000087300000|100%| O|  |TAMS 0x0000000087300000, 0x0000000087200000| Complete 
| 115|0x0000000087300000, 0x0000000087300000, 0x0000000087400000|  0%| F|  |TAMS 0x0000000087300000, 0x0000000087300000| Untracked 
| 116|0x0000000087400000, 0x0000000087500000, 0x0000000087500000|100%| O|  |TAMS 0x0000000087500000, 0x0000000087400000| Complete 
| 117|0x0000000087500000, 0x0000000087600000, 0x0000000087600000|100%| O|  |TAMS 0x0000000087600000, 0x0000000087500000| Complete 
| 118|0x0000000087600000, 0x0000000087700000, 0x0000000087700000|100%| O|  |TAMS 0x0000000087700000, 0x0000000087600000| Complete 
| 119|0x0000000087700000, 0x0000000087700000, 0x0000000087800000|  0%| F|  |TAMS 0x0000000087700000, 0x0000000087700000| Untracked 
| 120|0x0000000087800000, 0x0000000087800000, 0x0000000087900000|  0%| F|  |TAMS 0x0000000087800000, 0x0000000087800000| Untracked 
| 121|0x0000000087900000, 0x0000000087a00000, 0x0000000087a00000|100%| O|  |TAMS 0x0000000087a00000, 0x0000000087900000| Untracked 
| 122|0x0000000087a00000, 0x0000000087a00000, 0x0000000087b00000|  0%| F|  |TAMS 0x0000000087a00000, 0x0000000087a00000| Untracked 
| 123|0x0000000087b00000, 0x0000000087c00000, 0x0000000087c00000|100%| O|  |TAMS 0x0000000087c00000, 0x0000000087b00000| Untracked 
| 124|0x0000000087c00000, 0x0000000087c00000, 0x0000000087d00000|  0%| F|  |TAMS 0x0000000087c00000, 0x0000000087c00000| Untracked 
| 125|0x0000000087d00000, 0x0000000087d00000, 0x0000000087e00000|  0%| F|  |TAMS 0x0000000087d00000, 0x0000000087d00000| Untracked 
| 126|0x0000000087e00000, 0x0000000087e00000, 0x0000000087f00000|  0%| F|  |TAMS 0x0000000087e00000, 0x0000000087e00000| Untracked 
| 127|0x0000000087f00000, 0x0000000087f00000, 0x0000000088000000|  0%| F|  |TAMS 0x0000000087f00000, 0x0000000087f00000| Untracked 
| 128|0x0000000088000000, 0x0000000088000000, 0x0000000088100000|  0%| F|  |TAMS 0x0000000088000000, 0x0000000088000000| Untracked 
| 129|0x0000000088100000, 0x0000000088200000, 0x0000000088200000|100%| O|  |TAMS 0x0000000088200000, 0x0000000088100000| Complete 
| 130|0x0000000088200000, 0x0000000088300000, 0x0000000088300000|100%| O|  |TAMS 0x0000000088300000, 0x0000000088200000| Complete 
| 131|0x0000000088300000, 0x0000000088300000, 0x0000000088400000|  0%| F|  |TAMS 0x0000000088300000, 0x0000000088300000| Untracked 
| 132|0x0000000088400000, 0x0000000088500000, 0x0000000088500000|100%| O|  |TAMS 0x0000000088500000, 0x0000000088400000| Untracked 
| 133|0x0000000088500000, 0x0000000088600000, 0x0000000088600000|100%| O|  |TAMS 0x0000000088600000, 0x0000000088500000| Untracked 
| 134|0x0000000088600000, 0x0000000088700000, 0x0000000088700000|100%| O|  |TAMS 0x0000000088700000, 0x0000000088600000| Complete 
| 135|0x0000000088700000, 0x0000000088800000, 0x0000000088800000|100%| O|  |TAMS 0x0000000088800000, 0x0000000088700000| Untracked 
| 136|0x0000000088800000, 0x0000000088900000, 0x0000000088900000|100%| O|  |TAMS 0x0000000088900000, 0x0000000088800000| Untracked 
| 137|0x0000000088900000, 0x0000000088a00000, 0x0000000088a00000|100%| O|  |TAMS 0x0000000088a00000, 0x0000000088900000| Untracked 
| 138|0x0000000088a00000, 0x0000000088b00000, 0x0000000088b00000|100%| O|  |TAMS 0x0000000088b00000, 0x0000000088a00000| Complete 
| 139|0x0000000088b00000, 0x0000000088c00000, 0x0000000088c00000|100%| O|  |TAMS 0x0000000088c00000, 0x0000000088b00000| Untracked 
| 140|0x0000000088c00000, 0x0000000088d00000, 0x0000000088d00000|100%| O|  |TAMS 0x0000000088d00000, 0x0000000088c00000| Untracked 
| 141|0x0000000088d00000, 0x0000000088e00000, 0x0000000088e00000|100%| O|  |TAMS 0x0000000088e00000, 0x0000000088d00000| Complete 
| 142|0x0000000088e00000, 0x0000000088f00000, 0x0000000088f00000|100%| O|  |TAMS 0x0000000088f00000, 0x0000000088e00000| Untracked 
| 143|0x0000000088f00000, 0x0000000089000000, 0x0000000089000000|100%| O|  |TAMS 0x0000000089000000, 0x0000000088f00000| Untracked 
| 144|0x0000000089000000, 0x0000000089100000, 0x0000000089100000|100%| O|  |TAMS 0x0000000089100000, 0x0000000089000000| Complete 
| 145|0x0000000089100000, 0x0000000089200000, 0x0000000089200000|100%| O|  |TAMS 0x0000000089200000, 0x0000000089100000| Complete 
| 146|0x0000000089200000, 0x0000000089300000, 0x0000000089300000|100%| O|  |TAMS 0x0000000089300000, 0x0000000089200000| Untracked 
| 147|0x0000000089300000, 0x0000000089400000, 0x0000000089400000|100%| O|  |TAMS 0x0000000089400000, 0x0000000089300000| Complete 
| 148|0x0000000089400000, 0x0000000089500000, 0x0000000089500000|100%| O|  |TAMS 0x0000000089500000, 0x0000000089400000| Complete 
| 149|0x0000000089500000, 0x0000000089600000, 0x0000000089600000|100%| O|  |TAMS 0x0000000089600000, 0x0000000089500000| Untracked 
| 150|0x0000000089600000, 0x0000000089700000, 0x0000000089700000|100%| O|  |TAMS 0x0000000089700000, 0x0000000089600000| Complete 
| 151|0x0000000089700000, 0x0000000089800000, 0x0000000089800000|100%| O|  |TAMS 0x0000000089800000, 0x0000000089700000| Complete 
| 152|0x0000000089800000, 0x0000000089900000, 0x0000000089900000|100%| O|  |TAMS 0x0000000089900000, 0x0000000089800000| Complete 
| 153|0x0000000089900000, 0x0000000089a00000, 0x0000000089a00000|100%| O|  |TAMS 0x0000000089a00000, 0x0000000089900000| Untracked 
| 154|0x0000000089a00000, 0x0000000089b00000, 0x0000000089b00000|100%| O|  |TAMS 0x0000000089b00000, 0x0000000089a00000| Untracked 
| 155|0x0000000089b00000, 0x0000000089c00000, 0x0000000089c00000|100%| O|  |TAMS 0x0000000089c00000, 0x0000000089b00000| Untracked 
| 156|0x0000000089c00000, 0x0000000089d00000, 0x0000000089d00000|100%| O|  |TAMS 0x0000000089d00000, 0x0000000089c00000| Untracked 
| 157|0x0000000089d00000, 0x0000000089e00000, 0x0000000089e00000|100%| O|  |TAMS 0x0000000089e00000, 0x0000000089d00000| Complete 
| 158|0x0000000089e00000, 0x0000000089f00000, 0x0000000089f00000|100%| O|  |TAMS 0x0000000089f00000, 0x0000000089e00000| Untracked 
| 159|0x0000000089f00000, 0x000000008a000000, 0x000000008a000000|100%| O|  |TAMS 0x000000008a000000, 0x0000000089f00000| Complete 
| 160|0x000000008a000000, 0x000000008a000000, 0x000000008a100000|  0%| F|  |TAMS 0x000000008a000000, 0x000000008a000000| Untracked 
| 161|0x000000008a100000, 0x000000008a100000, 0x000000008a200000|  0%| F|  |TAMS 0x000000008a100000, 0x000000008a100000| Untracked 
| 162|0x000000008a200000, 0x000000008a200000, 0x000000008a300000|  0%| F|  |TAMS 0x000000008a200000, 0x000000008a200000| Untracked 
| 163|0x000000008a300000, 0x000000008a300000, 0x000000008a400000|  0%| F|  |TAMS 0x000000008a300000, 0x000000008a300000| Untracked 
| 164|0x000000008a400000, 0x000000008a400000, 0x000000008a500000|  0%| F|  |TAMS 0x000000008a400000, 0x000000008a400000| Untracked 
| 165|0x000000008a500000, 0x000000008a600000, 0x000000008a600000|100%| O|  |TAMS 0x000000008a600000, 0x000000008a500000| Complete 
| 166|0x000000008a600000, 0x000000008a700000, 0x000000008a700000|100%| O|  |TAMS 0x000000008a700000, 0x000000008a600000| Complete 
| 167|0x000000008a700000, 0x000000008a700000, 0x000000008a800000|  0%| F|  |TAMS 0x000000008a700000, 0x000000008a700000| Untracked 
| 168|0x000000008a800000, 0x000000008a800000, 0x000000008a900000|  0%| F|  |TAMS 0x000000008a800000, 0x000000008a800000| Untracked 
| 169|0x000000008a900000, 0x000000008a900000, 0x000000008aa00000|  0%| F|  |TAMS 0x000000008a900000, 0x000000008a900000| Untracked 
| 170|0x000000008aa00000, 0x000000008aa00000, 0x000000008ab00000|  0%| F|  |TAMS 0x000000008aa00000, 0x000000008aa00000| Untracked 
| 171|0x000000008ab00000, 0x000000008ab00000, 0x000000008ac00000|  0%| F|  |TAMS 0x000000008ab00000, 0x000000008ab00000| Untracked 
| 172|0x000000008ac00000, 0x000000008ac00000, 0x000000008ad00000|  0%| F|  |TAMS 0x000000008ac00000, 0x000000008ac00000| Untracked 
| 173|0x000000008ad00000, 0x000000008ad00000, 0x000000008ae00000|  0%| F|  |TAMS 0x000000008ad00000, 0x000000008ad00000| Untracked 
| 174|0x000000008ae00000, 0x000000008ae00000, 0x000000008af00000|  0%| F|  |TAMS 0x000000008ae00000, 0x000000008ae00000| Untracked 
| 175|0x000000008af00000, 0x000000008af00000, 0x000000008b000000|  0%| F|  |TAMS 0x000000008af00000, 0x000000008af00000| Untracked 
| 176|0x000000008b000000, 0x000000008b000000, 0x000000008b100000|  0%| F|  |TAMS 0x000000008b000000, 0x000000008b000000| Untracked 
| 177|0x000000008b100000, 0x000000008b100000, 0x000000008b200000|  0%| F|  |TAMS 0x000000008b100000, 0x000000008b100000| Untracked 
| 178|0x000000008b200000, 0x000000008b29ee00, 0x000000008b300000| 62%| S|CS|TAMS 0x000000008b200000, 0x000000008b200000| Complete 
| 179|0x000000008b300000, 0x000000008b400000, 0x000000008b400000|100%| S|CS|TAMS 0x000000008b300000, 0x000000008b300000| Complete 
| 180|0x000000008b400000, 0x000000008b500000, 0x000000008b500000|100%| S|CS|TAMS 0x000000008b400000, 0x000000008b400000| Complete 
| 181|0x000000008b500000, 0x000000008b600000, 0x000000008b600000|100%| S|CS|TAMS 0x000000008b500000, 0x000000008b500000| Complete 
| 182|0x000000008b600000, 0x000000008b600000, 0x000000008b700000|  0%| F|  |TAMS 0x000000008b600000, 0x000000008b600000| Untracked 
| 183|0x000000008b700000, 0x000000008b700000, 0x000000008b800000|  0%| F|  |TAMS 0x000000008b700000, 0x000000008b700000| Untracked 
| 184|0x000000008b800000, 0x000000008b800000, 0x000000008b900000|  0%| F|  |TAMS 0x000000008b800000, 0x000000008b800000| Untracked 
| 185|0x000000008b900000, 0x000000008b900000, 0x000000008ba00000|  0%| F|  |TAMS 0x000000008b900000, 0x000000008b900000| Untracked 
| 186|0x000000008ba00000, 0x000000008ba00000, 0x000000008bb00000|  0%| F|  |TAMS 0x000000008ba00000, 0x000000008ba00000| Untracked 
| 187|0x000000008bb00000, 0x000000008bb00000, 0x000000008bc00000|  0%| F|  |TAMS 0x000000008bb00000, 0x000000008bb00000| Untracked 
| 188|0x000000008bc00000, 0x000000008bc00000, 0x000000008bd00000|  0%| F|  |TAMS 0x000000008bc00000, 0x000000008bc00000| Untracked 
| 189|0x000000008bd00000, 0x000000008bd00000, 0x000000008be00000|  0%| F|  |TAMS 0x000000008bd00000, 0x000000008bd00000| Untracked 
| 190|0x000000008be00000, 0x000000008be00000, 0x000000008bf00000|  0%| F|  |TAMS 0x000000008be00000, 0x000000008be00000| Untracked 
| 191|0x000000008bf00000, 0x000000008bf00000, 0x000000008c000000|  0%| F|  |TAMS 0x000000008bf00000, 0x000000008bf00000| Untracked 
| 192|0x000000008c000000, 0x000000008c000000, 0x000000008c100000|  0%| F|  |TAMS 0x000000008c000000, 0x000000008c000000| Untracked 
| 193|0x000000008c100000, 0x000000008c100000, 0x000000008c200000|  0%| F|  |TAMS 0x000000008c100000, 0x000000008c100000| Untracked 
| 194|0x000000008c200000, 0x000000008c200000, 0x000000008c300000|  0%| F|  |TAMS 0x000000008c200000, 0x000000008c200000| Untracked 
| 195|0x000000008c300000, 0x000000008c300000, 0x000000008c400000|  0%| F|  |TAMS 0x000000008c300000, 0x000000008c300000| Untracked 
| 196|0x000000008c400000, 0x000000008c400000, 0x000000008c500000|  0%| F|  |TAMS 0x000000008c400000, 0x000000008c400000| Untracked 
| 197|0x000000008c500000, 0x000000008c500000, 0x000000008c600000|  0%| F|  |TAMS 0x000000008c500000, 0x000000008c500000| Untracked 
| 198|0x000000008c600000, 0x000000008c600000, 0x000000008c700000|  0%| F|  |TAMS 0x000000008c600000, 0x000000008c600000| Untracked 
| 199|0x000000008c700000, 0x000000008c700000, 0x000000008c800000|  0%| F|  |TAMS 0x000000008c700000, 0x000000008c700000| Untracked 
| 200|0x000000008c800000, 0x000000008c800000, 0x000000008c900000|  0%| F|  |TAMS 0x000000008c800000, 0x000000008c800000| Untracked 
| 201|0x000000008c900000, 0x000000008c900000, 0x000000008ca00000|  0%| F|  |TAMS 0x000000008c900000, 0x000000008c900000| Untracked 
| 202|0x000000008ca00000, 0x000000008ca00000, 0x000000008cb00000|  0%| F|  |TAMS 0x000000008ca00000, 0x000000008ca00000| Untracked 
| 203|0x000000008cb00000, 0x000000008cb00000, 0x000000008cc00000|  0%| F|  |TAMS 0x000000008cb00000, 0x000000008cb00000| Untracked 
| 204|0x000000008cc00000, 0x000000008cc00000, 0x000000008cd00000|  0%| F|  |TAMS 0x000000008cc00000, 0x000000008cc00000| Untracked 
| 205|0x000000008cd00000, 0x000000008cd00000, 0x000000008ce00000|  0%| F|  |TAMS 0x000000008cd00000, 0x000000008cd00000| Untracked 
| 206|0x000000008ce00000, 0x000000008ce00000, 0x000000008cf00000|  0%| F|  |TAMS 0x000000008ce00000, 0x000000008ce00000| Untracked 
| 207|0x000000008cf00000, 0x000000008cf00000, 0x000000008d000000|  0%| F|  |TAMS 0x000000008cf00000, 0x000000008cf00000| Untracked 
| 208|0x000000008d000000, 0x000000008d000000, 0x000000008d100000|  0%| F|  |TAMS 0x000000008d000000, 0x000000008d000000| Untracked 
| 209|0x000000008d100000, 0x000000008d100000, 0x000000008d200000|  0%| F|  |TAMS 0x000000008d100000, 0x000000008d100000| Untracked 
| 210|0x000000008d200000, 0x000000008d200000, 0x000000008d300000|  0%| F|  |TAMS 0x000000008d200000, 0x000000008d200000| Untracked 
| 211|0x000000008d300000, 0x000000008d300000, 0x000000008d400000|  0%| F|  |TAMS 0x000000008d300000, 0x000000008d300000| Untracked 
| 212|0x000000008d400000, 0x000000008d400000, 0x000000008d500000|  0%| F|  |TAMS 0x000000008d400000, 0x000000008d400000| Untracked 
| 213|0x000000008d500000, 0x000000008d500000, 0x000000008d600000|  0%| F|  |TAMS 0x000000008d500000, 0x000000008d500000| Untracked 
| 214|0x000000008d600000, 0x000000008d600000, 0x000000008d700000|  0%| F|  |TAMS 0x000000008d600000, 0x000000008d600000| Untracked 
| 215|0x000000008d700000, 0x000000008d700000, 0x000000008d800000|  0%| F|  |TAMS 0x000000008d700000, 0x000000008d700000| Untracked 
| 216|0x000000008d800000, 0x000000008d800000, 0x000000008d900000|  0%| F|  |TAMS 0x000000008d800000, 0x000000008d800000| Untracked 
| 217|0x000000008d900000, 0x000000008d900000, 0x000000008da00000|  0%| F|  |TAMS 0x000000008d900000, 0x000000008d900000| Untracked 
| 218|0x000000008da00000, 0x000000008da00000, 0x000000008db00000|  0%| F|  |TAMS 0x000000008da00000, 0x000000008da00000| Untracked 
| 219|0x000000008db00000, 0x000000008db00000, 0x000000008dc00000|  0%| F|  |TAMS 0x000000008db00000, 0x000000008db00000| Untracked 
| 220|0x000000008dc00000, 0x000000008dc00000, 0x000000008dd00000|  0%| F|  |TAMS 0x000000008dc00000, 0x000000008dc00000| Untracked 
| 221|0x000000008dd00000, 0x000000008dd00000, 0x000000008de00000|  0%| F|  |TAMS 0x000000008dd00000, 0x000000008dd00000| Untracked 
| 222|0x000000008de00000, 0x000000008de00000, 0x000000008df00000|  0%| F|  |TAMS 0x000000008de00000, 0x000000008de00000| Untracked 
| 223|0x000000008df00000, 0x000000008df00000, 0x000000008e000000|  0%| F|  |TAMS 0x000000008df00000, 0x000000008df00000| Untracked 
| 224|0x000000008e000000, 0x000000008e000000, 0x000000008e100000|  0%| F|  |TAMS 0x000000008e000000, 0x000000008e000000| Untracked 
| 225|0x000000008e100000, 0x000000008e100000, 0x000000008e200000|  0%| F|  |TAMS 0x000000008e100000, 0x000000008e100000| Untracked 
| 226|0x000000008e200000, 0x000000008e200000, 0x000000008e300000|  0%| F|  |TAMS 0x000000008e200000, 0x000000008e200000| Untracked 
| 227|0x000000008e300000, 0x000000008e300000, 0x000000008e400000|  0%| F|  |TAMS 0x000000008e300000, 0x000000008e300000| Untracked 
| 228|0x000000008e400000, 0x000000008e400000, 0x000000008e500000|  0%| F|  |TAMS 0x000000008e400000, 0x000000008e400000| Untracked 
| 229|0x000000008e500000, 0x000000008e500000, 0x000000008e600000|  0%| F|  |TAMS 0x000000008e500000, 0x000000008e500000| Untracked 
| 230|0x000000008e600000, 0x000000008e600000, 0x000000008e700000|  0%| F|  |TAMS 0x000000008e600000, 0x000000008e600000| Untracked 
| 231|0x000000008e700000, 0x000000008e700000, 0x000000008e800000|  0%| F|  |TAMS 0x000000008e700000, 0x000000008e700000| Untracked 
| 232|0x000000008e800000, 0x000000008e800000, 0x000000008e900000|  0%| F|  |TAMS 0x000000008e800000, 0x000000008e800000| Untracked 
| 233|0x000000008e900000, 0x000000008e900000, 0x000000008ea00000|  0%| F|  |TAMS 0x000000008e900000, 0x000000008e900000| Untracked 
| 234|0x000000008ea00000, 0x000000008ea00000, 0x000000008eb00000|  0%| F|  |TAMS 0x000000008ea00000, 0x000000008ea00000| Untracked 
| 235|0x000000008eb00000, 0x000000008eb00000, 0x000000008ec00000|  0%| F|  |TAMS 0x000000008eb00000, 0x000000008eb00000| Untracked 
| 236|0x000000008ec00000, 0x000000008ec00000, 0x000000008ed00000|  0%| F|  |TAMS 0x000000008ec00000, 0x000000008ec00000| Untracked 
| 237|0x000000008ed00000, 0x000000008ed00000, 0x000000008ee00000|  0%| F|  |TAMS 0x000000008ed00000, 0x000000008ed00000| Untracked 
| 238|0x000000008ee00000, 0x000000008ee00000, 0x000000008ef00000|  0%| F|  |TAMS 0x000000008ee00000, 0x000000008ee00000| Untracked 
| 239|0x000000008ef00000, 0x000000008ef00000, 0x000000008f000000|  0%| F|  |TAMS 0x000000008ef00000, 0x000000008ef00000| Untracked 
| 240|0x000000008f000000, 0x000000008f000000, 0x000000008f100000|  0%| F|  |TAMS 0x000000008f000000, 0x000000008f000000| Untracked 
| 241|0x000000008f100000, 0x000000008f100000, 0x000000008f200000|  0%| F|  |TAMS 0x000000008f100000, 0x000000008f100000| Untracked 
| 242|0x000000008f200000, 0x000000008f200000, 0x000000008f300000|  0%| F|  |TAMS 0x000000008f200000, 0x000000008f200000| Untracked 
| 243|0x000000008f300000, 0x000000008f300000, 0x000000008f400000|  0%| F|  |TAMS 0x000000008f300000, 0x000000008f300000| Untracked 
| 244|0x000000008f400000, 0x000000008f400000, 0x000000008f500000|  0%| F|  |TAMS 0x000000008f400000, 0x000000008f400000| Untracked 
| 245|0x000000008f500000, 0x000000008f500000, 0x000000008f600000|  0%| F|  |TAMS 0x000000008f500000, 0x000000008f500000| Untracked 
| 246|0x000000008f600000, 0x000000008f600000, 0x000000008f700000|  0%| F|  |TAMS 0x000000008f600000, 0x000000008f600000| Untracked 
| 247|0x000000008f700000, 0x000000008f700000, 0x000000008f800000|  0%| F|  |TAMS 0x000000008f700000, 0x000000008f700000| Untracked 
| 248|0x000000008f800000, 0x000000008f800000, 0x000000008f900000|  0%| F|  |TAMS 0x000000008f800000, 0x000000008f800000| Untracked 
| 249|0x000000008f900000, 0x000000008f900000, 0x000000008fa00000|  0%| F|  |TAMS 0x000000008f900000, 0x000000008f900000| Untracked 
| 250|0x000000008fa00000, 0x000000008fa00000, 0x000000008fb00000|  0%| F|  |TAMS 0x000000008fa00000, 0x000000008fa00000| Untracked 
| 251|0x000000008fb00000, 0x000000008fb00000, 0x000000008fc00000|  0%| F|  |TAMS 0x000000008fb00000, 0x000000008fb00000| Untracked 
| 252|0x000000008fc00000, 0x000000008fc00000, 0x000000008fd00000|  0%| F|  |TAMS 0x000000008fc00000, 0x000000008fc00000| Untracked 
| 253|0x000000008fd00000, 0x000000008fd00000, 0x000000008fe00000|  0%| F|  |TAMS 0x000000008fd00000, 0x000000008fd00000| Untracked 
| 254|0x000000008fe00000, 0x000000008fe00000, 0x000000008ff00000|  0%| F|  |TAMS 0x000000008fe00000, 0x000000008fe00000| Untracked 
| 255|0x000000008ff00000, 0x000000008ff00000, 0x0000000090000000|  0%| F|  |TAMS 0x000000008ff00000, 0x000000008ff00000| Untracked 
| 256|0x0000000090000000, 0x0000000090000000, 0x0000000090100000|  0%| F|  |TAMS 0x0000000090000000, 0x0000000090000000| Untracked 
| 257|0x0000000090100000, 0x0000000090180800, 0x0000000090200000| 50%| E|  |TAMS 0x0000000090100000, 0x0000000090100000| Complete 
| 258|0x0000000090200000, 0x0000000090300000, 0x0000000090300000|100%| E|CS|TAMS 0x0000000090200000, 0x0000000090200000| Complete 
| 259|0x0000000090300000, 0x0000000090400000, 0x0000000090400000|100%| E|CS|TAMS 0x0000000090300000, 0x0000000090300000| Complete 
| 260|0x0000000090400000, 0x0000000090500000, 0x0000000090500000|100%| E|CS|TAMS 0x0000000090400000, 0x0000000090400000| Complete 
| 261|0x0000000090500000, 0x0000000090600000, 0x0000000090600000|100%| E|CS|TAMS 0x0000000090500000, 0x0000000090500000| Complete 
| 262|0x0000000090600000, 0x0000000090700000, 0x0000000090700000|100%| E|CS|TAMS 0x0000000090600000, 0x0000000090600000| Complete 
| 263|0x0000000090700000, 0x0000000090800000, 0x0000000090800000|100%| E|CS|TAMS 0x0000000090700000, 0x0000000090700000| Complete 
| 264|0x0000000090800000, 0x0000000090900000, 0x0000000090900000|100%| E|CS|TAMS 0x0000000090800000, 0x0000000090800000| Complete 
| 265|0x0000000090900000, 0x0000000090a00000, 0x0000000090a00000|100%| O|  |TAMS 0x0000000090a00000, 0x0000000090900000| Untracked 
| 266|0x0000000090a00000, 0x0000000090b00000, 0x0000000090b00000|100%| E|CS|TAMS 0x0000000090a00000, 0x0000000090a00000| Complete 
| 267|0x0000000090b00000, 0x0000000090c00000, 0x0000000090c00000|100%| O|  |TAMS 0x0000000090c00000, 0x0000000090b00000| Complete 
| 268|0x0000000090c00000, 0x0000000090d00000, 0x0000000090d00000|100%| E|CS|TAMS 0x0000000090c00000, 0x0000000090c00000| Complete 
| 269|0x0000000090d00000, 0x0000000090e00000, 0x0000000090e00000|100%| E|CS|TAMS 0x0000000090d00000, 0x0000000090d00000| Complete 
| 270|0x0000000090e00000, 0x0000000090f00000, 0x0000000090f00000|100%| E|CS|TAMS 0x0000000090e00000, 0x0000000090e00000| Complete 
| 271|0x0000000090f00000, 0x0000000091000000, 0x0000000091000000|100%| E|CS|TAMS 0x0000000090f00000, 0x0000000090f00000| Complete 
| 272|0x0000000091000000, 0x0000000091100000, 0x0000000091100000|100%| O|  |TAMS 0x0000000091100000, 0x0000000091000000| Complete 
| 273|0x0000000091100000, 0x0000000091200000, 0x0000000091200000|100%| E|CS|TAMS 0x0000000091100000, 0x0000000091100000| Complete 

Card table byte_map: [0x00000167f2720000,0x00000167f2b20000] _byte_map_base: 0x00000167f2320000

Marking Bits (Prev, Next): (CMBitMap*) 0x00000167ee534680, (CMBitMap*) 0x00000167ee534648
 Prev Bits: [0x00000167f4f20000, 0x00000167f6f20000)
 Next Bits: [0x00000167f2f20000, 0x00000167f4f20000)

Polling page: 0x00000167ec330000

Metaspace:

Usage:
  Non-class:    115.98 MB capacity,   113.10 MB ( 98%) used,     2.44 MB (  2%) free+waste,   446.31 KB ( <1%) overhead. 
      Class:     17.73 MB capacity,    16.14 MB ( 91%) used,     1.39 MB (  8%) free+waste,   200.75 KB (  1%) overhead. 
       Both:    133.71 MB capacity,   129.24 MB ( 97%) used,     3.83 MB (  3%) free+waste,   647.06 KB ( <1%) overhead. 

Virtual space:
  Non-class space:      118.00 MB reserved,     116.16 MB ( 98%) committed 
      Class space:        1.00 GB reserved,      17.75 MB (  2%) committed 
             Both:        1.12 GB reserved,     133.91 MB ( 12%) committed 

Chunk freelists:
   Non-Class:  1.00 KB
       Class:  21.00 KB
        Both:  22.00 KB

MaxMetaspaceSize: 17179869184.00 GB
CompressedClassSpaceSize: 1.00 GB

CodeHeap 'non-profiled nmethods': size=120000Kb used=18447Kb max_used=18447Kb free=101552Kb
 bounds [0x0000016787ad0000, 0x0000016788ce0000, 0x000001678f000000]
CodeHeap 'profiled nmethods': size=120000Kb used=48582Kb max_used=48582Kb free=71417Kb
 bounds [0x00000167805a0000, 0x0000016783530000, 0x0000016787ad0000]
CodeHeap 'non-nmethods': size=5760Kb used=2388Kb max_used=2461Kb free=3371Kb
 bounds [0x0000016780000000, 0x0000016780280000, 0x00000167805a0000]
 total_blobs=22793 nmethods=21772 adapters=931
 compilation: enabled
              stopped_count=0, restarted_count=0
 full_count=0

Compilation events (20 events):
Event: 4390.603 Thread 0x0000016794cf0800 nmethod 23426 0x0000016788cd3490 code [0x0000016788cd3660, 0x0000016788cd4258]
Event: 4390.603 Thread 0x0000016794cf0800 23427       4       com.google.common.io.CountingOutputStream::write (22 bytes)
Event: 4390.609 Thread 0x0000016794cf0800 nmethod 23427 0x0000016788cd4710 code [0x0000016788cd4900, 0x0000016788cd5168]
Event: 4390.609 Thread 0x0000016794cf0800 23435 %     4       org.objectweb.asm.ClassReader::readCode @ 92 (5109 bytes)
Event: 4390.611 Thread 0x00000167fa23f000 23437   !   3       java.nio.Bits::reserveMemory (182 bytes)
Event: 4390.612 Thread 0x00000167fa23f000 nmethod 23437 0x0000016783506410 code [0x0000016783506700, 0x00000167835075e8]
Event: 4390.613 Thread 0x00000167fa23f000 23439       3       jdk.internal.misc.Unsafe::setMemory (10 bytes)
Event: 4390.613 Thread 0x00000167fa23f000 nmethod 23439 0x0000016783507d10 code [0x0000016783507f00, 0x00000167835082e8]
Event: 4390.613 Thread 0x00000167fa23f000 23440       3       java.nio.DirectByteBuffer$Deallocator::<init> (41 bytes)
Event: 4390.613 Thread 0x00000167fa23f000 nmethod 23440 0x0000016783508510 code [0x00000167835086c0, 0x0000016783508838]
Event: 4390.620 Thread 0x00000167fa23f000 23441       3       java.security.SecureClassLoader$1::apply (9 bytes)
Event: 4390.621 Thread 0x00000167fa23f000 nmethod 23441 0x0000016783508910 code [0x0000016783508ae0, 0x0000016783508d08]
Event: 4390.621 Thread 0x00000167fa23f000 23442       3       java.security.SecureClassLoader$1::apply (71 bytes)
Event: 4390.621 Thread 0x00000167fa23f000 nmethod 23442 0x0000016783508e10 code [0x0000016783508fe0, 0x0000016783509278]
Event: 4390.655 Thread 0x00000167fa23f000 23444       3       java.util.stream.IntStream::range (24 bytes)
Event: 4390.656 Thread 0x00000167fa23f000 nmethod 23444 0x0000016783509390 code [0x00000167835095e0, 0x0000016783509db8]
Event: 4390.660 Thread 0x00000167fa23f000 23445       1       org.codehaus.groovy.runtime.metaclass.ClosureMetaClass::setInitialized (6 bytes)
Event: 4390.660 Thread 0x00000167fa23f000 nmethod 23445 0x0000016788cd5610 code [0x0000016788cd57c0, 0x0000016788cd5878]
Event: 4390.660 Thread 0x00000167fa23f000 23446       3       groovy.lang.Closure::call (13 bytes)
Event: 4390.660 Thread 0x00000167fa23f000 nmethod 23446 0x000001678350a110 code [0x000001678350a2e0, 0x000001678350a6a8]

GC Heap History (20 events):
Event: 4030.820 GC heap before
{Heap before GC invocations=59 (full 0):
 garbage-first heap   total 260096K, used 215627K [0x0000000080000000, 0x0000000100000000)
  region size 1024K, 71 young (72704K), 1 survivors (1024K)
 Metaspace       used 130981K, capacity 135186K, committed 135464K, reserved 1167360K
  class space    used 16392K, capacity 17927K, committed 18048K, reserved 1048576K
}
Event: 4030.830 GC heap after
{Heap after GC invocations=60 (full 0):
 garbage-first heap   total 260096K, used 148929K [0x0000000080000000, 0x0000000100000000)
  region size 1024K, 5 young (5120K), 5 survivors (5120K)
 Metaspace       used 130981K, capacity 135186K, committed 135464K, reserved 1167360K
  class space    used 16392K, capacity 17927K, committed 18048K, reserved 1048576K
}
Event: 4031.522 GC heap before
{Heap before GC invocations=61 (full 0):
 garbage-first heap   total 260096K, used 258497K [0x0000000080000000, 0x0000000100000000)
  region size 1024K, 68 young (69632K), 5 survivors (5120K)
 Metaspace       used 131240K, capacity 135529K, committed 135720K, reserved 1167360K
  class space    used 16412K, capacity 17962K, committed 18048K, reserved 1048576K
}
Event: 4031.530 GC heap after
{Heap after GC invocations=62 (full 0):
 garbage-first heap   total 270336K, used 153733K [0x0000000080000000, 0x0000000100000000)
  region size 1024K, 10 young (10240K), 10 survivors (10240K)
 Metaspace       used 131240K, capacity 135529K, committed 135720K, reserved 1167360K
  class space    used 16412K, capacity 17962K, committed 18048K, reserved 1048576K
}
Event: 4031.619 GC heap before
{Heap before GC invocations=62 (full 0):
 garbage-first heap   total 270336K, used 156805K [0x0000000080000000, 0x0000000100000000)
  region size 1024K, 13 young (13312K), 10 survivors (10240K)
 Metaspace       used 131459K, capacity 135729K, committed 135976K, reserved 1167360K
  class space    used 16455K, capacity 18007K, committed 18048K, reserved 1048576K
}
Event: 4031.628 GC heap after
{Heap after GC invocations=63 (full 0):
 garbage-first heap   total 270336K, used 154268K [0x0000000080000000, 0x0000000100000000)
  region size 1024K, 2 young (2048K), 2 survivors (2048K)
 Metaspace       used 131459K, capacity 135729K, committed 135976K, reserved 1167360K
  class space    used 16455K, capacity 18007K, committed 18048K, reserved 1048576K
}
Event: 4170.899 GC heap before
{Heap before GC invocations=63 (full 0):
 garbage-first heap   total 270336K, used 216732K [0x0000000080000000, 0x0000000100000000)
  region size 1024K, 65 young (66560K), 2 survivors (2048K)
 Metaspace       used 131624K, capacity 135890K, committed 135976K, reserved 1167360K
  class space    used 16465K, capacity 18015K, committed 18048K, reserved 1048576K
}
Event: 4170.915 GC heap after
{Heap after GC invocations=64 (full 0):
 garbage-first heap   total 270336K, used 158580K [0x0000000080000000, 0x0000000100000000)
  region size 1024K, 6 young (6144K), 6 survivors (6144K)
 Metaspace       used 131624K, capacity 135890K, committed 135976K, reserved 1167360K
  class space    used 16465K, capacity 18015K, committed 18048K, reserved 1048576K
}
Event: 4171.641 GC heap before
{Heap before GC invocations=65 (full 0):
 garbage-first heap   total 270336K, used 268148K [0x0000000080000000, 0x0000000100000000)
  region size 1024K, 69 young (70656K), 6 survivors (6144K)
 Metaspace       used 131775K, capacity 136115K, committed 136232K, reserved 1167360K
  class space    used 16468K, capacity 18022K, committed 18048K, reserved 1048576K
}
Event: 4171.650 GC heap after
{Heap after GC invocations=66 (full 0):
 garbage-first heap   total 280576K, used 162792K [0x0000000080000000, 0x0000000100000000)
  region size 1024K, 5 young (5120K), 5 survivors (5120K)
 Metaspace       used 131775K, capacity 136115K, committed 136232K, reserved 1167360K
  class space    used 16468K, capacity 18022K, committed 18048K, reserved 1048576K
}
Event: 4171.767 GC heap before
{Heap before GC invocations=66 (full 0):
 garbage-first heap   total 280576K, used 172008K [0x0000000080000000, 0x0000000100000000)
  region size 1024K, 13 young (13312K), 5 survivors (5120K)
 Metaspace       used 131937K, capacity 136266K, committed 136488K, reserved 1167360K
  class space    used 16491K, capacity 18029K, committed 18048K, reserved 1048576K
}
Event: 4171.777 GC heap after
{Heap after GC invocations=67 (full 0):
 garbage-first heap   total 280576K, used 157158K [0x0000000080000000, 0x0000000100000000)
  region size 1024K, 2 young (2048K), 2 survivors (2048K)
 Metaspace       used 131937K, capacity 136266K, committed 136488K, reserved 1167360K
  class space    used 16491K, capacity 18029K, committed 18048K, reserved 1048576K
}
Event: 4172.051 GC heap before
{Heap before GC invocations=67 (full 0):
 garbage-first heap   total 280576K, used 232934K [0x0000000080000000, 0x0000000100000000)
  region size 1024K, 76 young (77824K), 2 survivors (2048K)
 Metaspace       used 131994K, capacity 136298K, committed 136616K, reserved 1167360K
  class space    used 16494K, capacity 18061K, committed 18176K, reserved 1048576K
}
Event: 4172.056 GC heap after
{Heap after GC invocations=68 (full 0):
 garbage-first heap   total 280576K, used 157156K [0x0000000080000000, 0x0000000100000000)
  region size 1024K, 2 young (2048K), 2 survivors (2048K)
 Metaspace       used 131994K, capacity 136298K, committed 136616K, reserved 1167360K
  class space    used 16494K, capacity 18061K, committed 18176K, reserved 1048576K
}
Event: 4172.326 GC heap before
{Heap before GC invocations=69 (full 0):
 garbage-first heap   total 280576K, used 232932K [0x0000000080000000, 0x0000000100000000)
  region size 1024K, 78 young (79872K), 2 survivors (2048K)
 Metaspace       used 131999K, capacity 136298K, committed 136616K, reserved 1167360K
  class space    used 16494K, capacity 18061K, committed 18176K, reserved 1048576K
}
Event: 4172.329 GC heap after
{Heap after GC invocations=70 (full 0):
 garbage-first heap   total 280576K, used 155547K [0x0000000080000000, 0x0000000100000000)
  region size 1024K, 2 young (2048K), 2 survivors (2048K)
 Metaspace       used 131999K, capacity 136298K, committed 136616K, reserved 1167360K
  class space    used 16494K, capacity 18061K, committed 18176K, reserved 1048576K
}
Event: 4172.368 GC heap before
{Heap before GC invocations=70 (full 0):
 garbage-first heap   total 280576K, used 166811K [0x0000000080000000, 0x0000000100000000)
  region size 1024K, 13 young (13312K), 2 survivors (2048K)
 Metaspace       used 132016K, capacity 136368K, committed 136616K, reserved 1167360K
  class space    used 16495K, capacity 18063K, committed 18176K, reserved 1048576K
}
Event: 4172.373 GC heap after
{Heap after GC invocations=71 (full 0):
 garbage-first heap   total 280576K, used 146583K [0x0000000080000000, 0x0000000100000000)
  region size 1024K, 1 young (1024K), 1 survivors (1024K)
 Metaspace       used 132016K, capacity 136368K, committed 136616K, reserved 1167360K
  class space    used 16495K, capacity 18063K, committed 18176K, reserved 1048576K
}
Event: 4390.511 GC heap before
{Heap before GC invocations=71 (full 0):
 garbage-first heap   total 280576K, used 236695K [0x0000000080000000, 0x0000000100000000)
  region size 1024K, 89 young (91136K), 1 survivors (1024K)
 Metaspace       used 132118K, capacity 136404K, committed 136616K, reserved 1167360K
  class space    used 16503K, capacity 18072K, committed 18176K, reserved 1048576K
}
Event: 4390.522 GC heap after
{Heap after GC invocations=72 (full 0):
 garbage-first heap   total 280576K, used 150003K [0x0000000080000000, 0x0000000100000000)
  region size 1024K, 4 young (4096K), 4 survivors (4096K)
 Metaspace       used 132118K, capacity 136404K, committed 136616K, reserved 1167360K
  class space    used 16503K, capacity 18072K, committed 18176K, reserved 1048576K
}

Deoptimization events (20 events):
Event: 4390.330 Thread 0x0000016794ce7800 DEOPT PACKING pc=0x000001678304a10d sp=0x00000031d3af78e0
Event: 4390.330 Thread 0x0000016794ce7800 DEOPT UNPACKING pc=0x0000016780026dde sp=0x00000031d3af6e38 mode 0
Event: 4390.334 Thread 0x0000016794ce7800 DEOPT PACKING pc=0x0000016782b9185e sp=0x00000031d3af70f0
Event: 4390.334 Thread 0x0000016794ce7800 DEOPT UNPACKING pc=0x0000016780026dde sp=0x00000031d3af6608 mode 0
Event: 4390.335 Thread 0x0000016794ce7800 DEOPT PACKING pc=0x0000016783049ce8 sp=0x00000031d3af6e40
Event: 4390.335 Thread 0x0000016794ce7800 DEOPT UNPACKING pc=0x0000016780026dde sp=0x00000031d3af6398 mode 0
Event: 4390.342 Thread 0x0000016794ce7800 DEOPT PACKING pc=0x0000016783049ce8 sp=0x00000031d3af63a0
Event: 4390.342 Thread 0x0000016794ce7800 DEOPT UNPACKING pc=0x0000016780026dde sp=0x00000031d3af58f8 mode 0
Event: 4390.346 Thread 0x0000016794ce7800 DEOPT PACKING pc=0x0000016782b9185e sp=0x00000031d3af70f0
Event: 4390.346 Thread 0x0000016794ce7800 DEOPT UNPACKING pc=0x0000016780026dde sp=0x00000031d3af6608 mode 0
Event: 4390.349 Thread 0x0000016794ce7800 DEOPT PACKING pc=0x0000016783049ce8 sp=0x00000031d3af67b0
Event: 4390.349 Thread 0x0000016794ce7800 DEOPT UNPACKING pc=0x0000016780026dde sp=0x00000031d3af5d08 mode 0
Event: 4390.355 Thread 0x0000016794ce7800 DEOPT PACKING pc=0x0000016783049ce8 sp=0x00000031d3af78e0
Event: 4390.355 Thread 0x0000016794ce7800 DEOPT UNPACKING pc=0x0000016780026dde sp=0x00000031d3af6e38 mode 0
Event: 4390.356 Thread 0x0000016794ce7800 DEOPT PACKING pc=0x0000016782b9185e sp=0x00000031d3af7b90
Event: 4390.356 Thread 0x0000016794ce7800 DEOPT UNPACKING pc=0x0000016780026dde sp=0x00000031d3af70a8 mode 0
Event: 4390.358 Thread 0x0000016794ce7800 DEOPT PACKING pc=0x000001678304a10d sp=0x00000031d3af78e0
Event: 4390.358 Thread 0x0000016794ce7800 DEOPT UNPACKING pc=0x0000016780026dde sp=0x00000031d3af6e38 mode 0
Event: 4390.368 Thread 0x0000016794ce7800 DEOPT PACKING pc=0x0000016783049ce8 sp=0x00000031d3af6e40
Event: 4390.368 Thread 0x0000016794ce7800 DEOPT UNPACKING pc=0x0000016780026dde sp=0x00000031d3af6398 mode 0

Classes redefined (0 events):
No events

Internal exceptions (20 events):
Event: 4171.210 Thread 0x0000016794ce2000 Exception <a 'sun/nio/fs/WindowsException'{0x000000008e565700}> (0x000000008e565700) thrown at [./src/hotspot/share/prims/jni.cpp, line 615]
Event: 4171.210 Thread 0x0000016794ce2000 Exception <a 'sun/nio/fs/WindowsException'{0x000000008e566980}> (0x000000008e566980) thrown at [./src/hotspot/share/prims/jni.cpp, line 615]
Event: 4171.210 Thread 0x0000016794ce2000 Exception <a 'sun/nio/fs/WindowsException'{0x000000008e567c50}> (0x000000008e567c50) thrown at [./src/hotspot/share/prims/jni.cpp, line 615]
Event: 4171.210 Thread 0x0000016794ce2000 Exception <a 'sun/nio/fs/WindowsException'{0x000000008e568f20}> (0x000000008e568f20) thrown at [./src/hotspot/share/prims/jni.cpp, line 615]
Event: 4171.269 Thread 0x0000016798d82800 Exception <a 'net/rubygrapefruit/platform/NativeException'{0x000000008e1daf48}: Couldn't start watching, error = 1: I:\E\Mes Documents\Formation\Dev-Web-Open\Android-Greta\TP-Projet\MonProjet> (0x000000008e1daf48) thrown at [./src/hotspot/share/prims/jni.cpp, line 636]
Event: 4172.536 Thread 0x0000016794ce2000 Exception <a 'sun/nio/fs/WindowsException'{0x00000000911a8c48}> (0x00000000911a8c48) thrown at [./src/hotspot/share/prims/jni.cpp, line 615]
Event: 4172.536 Thread 0x0000016794ce2000 Exception <a 'sun/nio/fs/WindowsException'{0x00000000911a8cc8}> (0x00000000911a8cc8) thrown at [./src/hotspot/share/prims/jni.cpp, line 615]
Event: 4172.536 Thread 0x0000016794ce2000 Exception <a 'sun/nio/fs/WindowsException'{0x00000000911aa750}> (0x00000000911aa750) thrown at [./src/hotspot/share/prims/jni.cpp, line 615]
Event: 4390.400 Thread 0x0000016794ce7800 Exception <a 'java/lang/ClassNotFoundException'{0x000000008d0477e8}: build_bljj7xm5axu0bosbqg09z7jhjBeanInfo> (0x000000008d0477e8) thrown at [./src/hotspot/share/classfile/systemDictionary.cpp, line 231]
Event: 4390.401 Thread 0x0000016794ce7800 Exception <a 'java/lang/ClassNotFoundException'{0x000000008d052740}: build_bljj7xm5axu0bosbqg09z7jhjCustomizer> (0x000000008d052740) thrown at [./src/hotspot/share/classfile/systemDictionary.cpp, line 231]
Event: 4390.424 Thread 0x0000016794ce7800 Exception <a 'sun/nio/fs/WindowsException'{0x000000008ce59308}> (0x000000008ce59308) thrown at [./src/hotspot/share/prims/jni.cpp, line 615]
Event: 4390.597 Thread 0x00000167fe9ed800 Exception <a 'sun/nio/fs/WindowsException'{0x0000000090e1ce58}> (0x0000000090e1ce58) thrown at [./src/hotspot/share/prims/jni.cpp, line 615]
Event: 4390.616 Thread 0x00000167fe9ed800 Exception <a 'sun/nio/fs/WindowsException'{0x0000000090c683f0}> (0x0000000090c683f0) thrown at [./src/hotspot/share/prims/jni.cpp, line 615]
Event: 4390.618 Thread 0x00000167fe9ed800 Exception <a 'sun/nio/fs/WindowsException'{0x0000000090c68578}> (0x0000000090c68578) thrown at [./src/hotspot/share/prims/jni.cpp, line 615]
Event: 4390.624 Thread 0x0000016794ce7800 Exception <a 'java/lang/ClassNotFoundException'{0x0000000090cb8f30}: build_bljj7xm5axu0bosbqg09z7jhjBeanInfo> (0x0000000090cb8f30) thrown at [./src/hotspot/share/classfile/systemDictionary.cpp, line 231]
Event: 4390.625 Thread 0x0000016794ce7800 Exception <a 'java/lang/ClassNotFoundException'{0x0000000090cc3e88}: build_bljj7xm5axu0bosbqg09z7jhjCustomizer> (0x0000000090cc3e88) thrown at [./src/hotspot/share/classfile/systemDictionary.cpp, line 231]
Event: 4390.650 Thread 0x0000016794ce7800 Exception <a 'java/lang/ClassNotFoundException'{0x0000000090a64c58}: build_bljj7xm5axu0bosbqg09z7jhj$_run_closure1$_closure4BeanInfo> (0x0000000090a64c58) thrown at [./src/hotspot/share/classfile/systemDictionary.cpp, line 231]
Event: 4390.651 Thread 0x0000016794ce7800 Exception <a 'java/lang/ClassNotFoundException'{0x0000000090a73e80}: build_bljj7xm5axu0bosbqg09z7jhj$_run_closure1$_closure4Customizer> (0x0000000090a73e80) thrown at [./src/hotspot/share/classfile/systemDictionary.cpp, line 231]
Event: 4390.652 Thread 0x0000016794ce7800 Exception <a 'java/lang/ClassNotFoundException'{0x0000000090a9b4b0}: build_bljj7xm5axu0bosbqg09z7jhj$_run_closure1BeanInfo> (0x0000000090a9b4b0) thrown at [./src/hotspot/share/classfile/systemDictionary.cpp, line 231]
Event: 4390.653 Thread 0x0000016794ce7800 Exception <a 'java/lang/ClassNotFoundException'{0x0000000090aa9b40}: build_bljj7xm5axu0bosbqg09z7jhj$_run_closure1Customizer> (0x0000000090aa9b40) thrown at [./src/hotspot/share/classfile/systemDictionary.cpp, line 231]

Events (20 events):
Event: 4390.646 loading class groovy/runtime/metaclass/build_bljj7xm5axu0bosbqg09z7jhj$_run_closure1$_closure4MetaClass
Event: 4390.646 loading class groovy/runtime/metaclass/build_bljj7xm5axu0bosbqg09z7jhj$_run_closure1$_closure4MetaClass done
Event: 4390.648 loading class groovy/runtime/metaclass/build_bljj7xm5axu0bosbqg09z7jhj$_run_closure1$_closure4$_closure8MetaClass
Event: 4390.648 loading class groovy/runtime/metaclass/build_bljj7xm5axu0bosbqg09z7jhj$_run_closure1$_closure4$_closure8MetaClass done
Event: 4390.650 loading class build_bljj7xm5axu0bosbqg09z7jhj$_run_closure1$_closure4BeanInfo
Event: 4390.650 loading class build_bljj7xm5axu0bosbqg09z7jhj$_run_closure1$_closure4BeanInfo done
Event: 4390.650 loading class build_bljj7xm5axu0bosbqg09z7jhj$_run_closure1$_closure4Customizer
Event: 4390.650 loading class build_bljj7xm5axu0bosbqg09z7jhj$_run_closure1$_closure4Customizer done
Event: 4390.652 loading class build_bljj7xm5axu0bosbqg09z7jhj$_run_closure1BeanInfo
Event: 4390.652 loading class build_bljj7xm5axu0bosbqg09z7jhj$_run_closure1BeanInfo done
Event: 4390.653 loading class build_bljj7xm5axu0bosbqg09z7jhj$_run_closure1Customizer
Event: 4390.653 loading class build_bljj7xm5axu0bosbqg09z7jhj$_run_closure1Customizer done
Event: 4390.656 loading class groovy/runtime/metaclass/build_bljj7xm5axu0bosbqg09z7jhj$_run_closure1$_closure5MetaClass
Event: 4390.656 loading class groovy/runtime/metaclass/build_bljj7xm5axu0bosbqg09z7jhj$_run_closure1$_closure5MetaClass done
Event: 4390.658 loading class groovy/runtime/metaclass/build_bljj7xm5axu0bosbqg09z7jhj$_run_closure1$_closure6MetaClass
Event: 4390.658 loading class groovy/runtime/metaclass/build_bljj7xm5axu0bosbqg09z7jhj$_run_closure1$_closure6MetaClass done
Event: 4390.659 loading class groovy/runtime/metaclass/build_bljj7xm5axu0bosbqg09z7jhj$_run_closure1$_closure7MetaClass
Event: 4390.659 loading class groovy/runtime/metaclass/build_bljj7xm5axu0bosbqg09z7jhj$_run_closure1$_closure7MetaClass done
Event: 4390.661 loading class groovy/runtime/metaclass/build_bljj7xm5axu0bosbqg09z7jhj$_run_closure2MetaClass
Event: 4390.661 loading class groovy/runtime/metaclass/build_bljj7xm5axu0bosbqg09z7jhj$_run_closure2MetaClass done


Dynamic libraries:
0x00007ff7ac890000 - 0x00007ff7ac89a000 	C:\Program Files\Android\Android Studio\jre\bin\java.exe
0x00007ffff1810000 - 0x00007ffff1a05000 	C:\Windows\SYSTEM32\ntdll.dll
0x00007fffbc4a0000 - 0x00007fffbc4b6000 	C:\Program Files\AVAST Software\Avast\aswhook.dll
0x00007ffff1310000 - 0x00007ffff13ce000 	C:\Windows\System32\KERNEL32.DLL
0x00007fffef360000 - 0x00007fffef628000 	C:\Windows\System32\KERNELBASE.dll
0x00007fffef260000 - 0x00007fffef360000 	C:\Windows\System32\ucrtbase.dll
0x00007fffe2100000 - 0x00007fffe2119000 	C:\Program Files\Android\Android Studio\jre\bin\jli.dll
0x00007ffff0560000 - 0x00007ffff0701000 	C:\Windows\System32\USER32.dll
0x00007fffef7c0000 - 0x00007fffef7e2000 	C:\Windows\System32\win32u.dll
0x00007ffff1440000 - 0x00007ffff146b000 	C:\Windows\System32\GDI32.dll
0x00007fffeef20000 - 0x00007fffef02d000 	C:\Windows\System32\gdi32full.dll
0x00007fffef190000 - 0x00007fffef22d000 	C:\Windows\System32\msvcp_win.dll
0x00007fffe20a0000 - 0x00007fffe20b7000 	C:\Program Files\Android\Android Studio\jre\bin\VCRUNTIME140.dll
0x00007fffd9ed0000 - 0x00007fffda16a000 	C:\Windows\WinSxS\amd64_microsoft.windows.common-controls_6595b64144ccf1df_6.0.19041.1110_none_60b5254171f9507e\COMCTL32.dll
0x00007ffff1270000 - 0x00007ffff130e000 	C:\Windows\System32\msvcrt.dll
0x00007ffff0530000 - 0x00007ffff0560000 	C:\Windows\System32\IMM32.DLL
0x00007fffb70b0000 - 0x00007fffb714d000 	C:\Program Files\Android\Android Studio\jre\bin\msvcp140.dll
0x00007fffb57f0000 - 0x00007fffb62c5000 	C:\Program Files\Android\Android Studio\jre\bin\server\jvm.dll
0x00007ffff11c0000 - 0x00007ffff126c000 	C:\Windows\System32\ADVAPI32.dll
0x00007ffff00d0000 - 0x00007ffff016b000 	C:\Windows\System32\sechost.dll
0x00007ffff0710000 - 0x00007ffff083a000 	C:\Windows\System32\RPCRT4.dll
0x00007ffff0060000 - 0x00007ffff0068000 	C:\Windows\System32\PSAPI.DLL
0x00007fffe1ce0000 - 0x00007fffe1ce9000 	C:\Windows\SYSTEM32\WSOCK32.dll
0x00007ffff13d0000 - 0x00007ffff143b000 	C:\Windows\System32\WS2_32.dll
0x00007fffe5ed0000 - 0x00007fffe5ef7000 	C:\Windows\SYSTEM32\WINMM.dll
0x00007fffe6100000 - 0x00007fffe610a000 	C:\Windows\SYSTEM32\VERSION.dll
0x00007fffece30000 - 0x00007fffece42000 	C:\Windows\SYSTEM32\kernel.appcore.dll
0x00007fffda690000 - 0x00007fffda6a1000 	C:\Program Files\Android\Android Studio\jre\bin\verify.dll
0x00007fffe3d00000 - 0x00007fffe3ee4000 	C:\Windows\SYSTEM32\DBGHELP.DLL
0x00007fffe3cd0000 - 0x00007fffe3cfc000 	C:\Windows\SYSTEM32\dbgcore.DLL
0x00007fffef730000 - 0x00007fffef7b2000 	C:\Windows\System32\bcryptPrimitives.dll
0x00007fffd7f80000 - 0x00007fffd7fa9000 	C:\Program Files\Android\Android Studio\jre\bin\java.dll
0x00007fffeafc0000 - 0x00007fffeafcb000 	C:\Program Files\Android\Android Studio\jre\bin\jimage.dll
0x00007fffda670000 - 0x00007fffda688000 	C:\Program Files\Android\Android Studio\jre\bin\zip.dll
0x00007ffff08f0000 - 0x00007ffff1034000 	C:\Windows\System32\SHELL32.dll
0x00007fffed030000 - 0x00007fffed7c4000 	C:\Windows\SYSTEM32\windows.storage.dll
0x00007ffff1470000 - 0x00007ffff17c5000 	C:\Windows\System32\combase.dll
0x00007fffee900000 - 0x00007fffee92e000 	C:\Windows\SYSTEM32\Wldp.dll
0x00007ffff0480000 - 0x00007ffff052d000 	C:\Windows\System32\SHCORE.dll
0x00007ffff0070000 - 0x00007ffff00c5000 	C:\Windows\System32\shlwapi.dll
0x00007fffeee60000 - 0x00007fffeee7f000 	C:\Windows\SYSTEM32\profapi.dll
0x00007fffcf280000 - 0x00007fffcf29a000 	C:\Program Files\Android\Android Studio\jre\bin\net.dll
0x00007fffe9ee0000 - 0x00007fffe9fec000 	C:\Windows\SYSTEM32\WINHTTP.dll
0x00007fffee660000 - 0x00007fffee6ca000 	C:\Windows\system32\mswsock.dll
0x00007fffcf240000 - 0x00007fffcf254000 	C:\Program Files\Android\Android Studio\jre\bin\nio.dll
0x00007fffda790000 - 0x00007fffda7b7000 	C:\Users\Hihu.PC-HIEP\.gradle\native\e1d6ef7f7dcc3fd88c89a11ec53ec762bb8ba0a96d01ffa2cd45eb1d1d8dd5c5\windows-amd64\native-platform.dll
0x00007fffb6c50000 - 0x00007fffb6d94000 	C:\Users\Hihu.PC-HIEP\.gradle\native\5664cfc778a61ccfe75a443a1ab52a65af34e5dc3c78e0209fed803814484fcb\windows-amd64\native-platform-file-events.dll
0x00007fffe0c40000 - 0x00007fffe0c4a000 	C:\Program Files\Android\Android Studio\jre\bin\management.dll
0x00007fffdce30000 - 0x00007fffdce3d000 	C:\Program Files\Android\Android Studio\jre\bin\management_ext.dll
0x00007fffee850000 - 0x00007fffee868000 	C:\Windows\SYSTEM32\CRYPTSP.dll
0x00007fffedf80000 - 0x00007fffedfb4000 	C:\Windows\system32\rsaenh.dll
0x00007fffef230000 - 0x00007fffef257000 	C:\Windows\System32\bcrypt.dll
0x00007fffeee20000 - 0x00007fffeee4e000 	C:\Windows\SYSTEM32\USERENV.dll
0x00007fffee870000 - 0x00007fffee87c000 	C:\Windows\SYSTEM32\CRYPTBASE.dll
0x00007fffee2f0000 - 0x00007fffee32b000 	C:\Windows\SYSTEM32\IPHLPAPI.DLL
0x00007fffefff0000 - 0x00007fffefff8000 	C:\Windows\System32\NSI.dll
0x00007fffe8450000 - 0x00007fffe8467000 	C:\Windows\SYSTEM32\dhcpcsvc6.DLL
0x00007fffe9340000 - 0x00007fffe935d000 	C:\Windows\SYSTEM32\dhcpcsvc.DLL
0x00007fffee340000 - 0x00007fffee40b000 	C:\Windows\SYSTEM32\DNSAPI.dll
0x00007fffca550000 - 0x00007fffca577000 	C:\Program Files\Android\Android Studio\jre\bin\sunec.dll
0x0000000058bc0000 - 0x0000000058bf5000 	C:\Program Files\Bonjour\mdnsNSP.dll
0x00007fffe1bd0000 - 0x00007fffe1bda000 	C:\Windows\System32\rasadhlp.dll
0x00007fffe21e0000 - 0x00007fffe225f000 	C:\Windows\System32\fwpuclnt.dll

dbghelp: loaded successfully - version: 4.0.5 - missing functions: none
symbol engine: initialized successfully - sym options: 0x614 - pdb path: .;C:\Program Files\Android\Android Studio\jre\bin;C:\Windows\SYSTEM32;C:\Program Files\AVAST Software\Avast;C:\Windows\WinSxS\amd64_microsoft.windows.common-controls_6595b64144ccf1df_6.0.19041.1110_none_60b5254171f9507e;C:\Program Files\Android\Android Studio\jre\bin\server;C:\Users\Hihu.PC-HIEP\.gradle\native\e1d6ef7f7dcc3fd88c89a11ec53ec762bb8ba0a96d01ffa2cd45eb1d1d8dd5c5\windows-amd64;C:\Users\Hihu.PC-HIEP\.gradle\native\5664cfc778a61ccfe75a443a1ab52a65af34e5dc3c78e0209fed803814484fcb\windows-amd64;C:\Program Files\Bonjour

VM Arguments:
jvm_args: --add-opens=java.base/java.util=ALL-UNNAMED --add-opens=java.base/java.lang=ALL-UNNAMED --add-opens=java.base/java.lang.invoke=ALL-UNNAMED --add-opens=java.base/java.util=ALL-UNNAMED --add-opens=java.prefs/java.util.prefs=ALL-UNNAMED --add-opens=java.prefs/java.util.prefs=ALL-UNNAMED --add-opens=java.base/java.nio.charset=ALL-UNNAMED --add-opens=java.base/java.net=ALL-UNNAMED --add-opens=java.base/java.util.concurrent.atomic=ALL-UNNAMED -Xmx2048m -Dfile.encoding=UTF-8 -Duser.country=FR -Duser.language=fr -Duser.variant 
java_command: org.gradle.launcher.daemon.bootstrap.GradleDaemon 7.2
java_class_path (initial): C:\Users\Hihu.PC-HIEP\.gradle\wrapper\dists\gradle-7.2-bin\2dnblmf4td7x66yl1d74lt32g\gradle-7.2\lib\gradle-launcher-7.2.jar
Launcher Type: SUN_STANDARD

[Global flags]
     intx CICompilerCount                          = 4                                         {product} {ergonomic}
     uint ConcGCThreads                            = 2                                         {product} {ergonomic}
     uint G1ConcRefinementThreads                  = 8                                         {product} {ergonomic}
   size_t G1HeapRegionSize                         = 1048576                                   {product} {ergonomic}
    uintx GCDrainStackTargetSize                   = 64                                        {product} {ergonomic}
   size_t InitialHeapSize                          = 260046848                                 {product} {ergonomic}
   size_t MarkStackSize                            = 4194304                                   {product} {ergonomic}
   size_t MaxHeapSize                              = 2147483648                                {product} {command line}
   size_t MaxNewSize                               = 1287651328                                {product} {ergonomic}
   size_t MinHeapDeltaBytes                        = 1048576                                   {product} {ergonomic}
    uintx NonNMethodCodeHeapSize                   = 5836300                                {pd product} {ergonomic}
    uintx NonProfiledCodeHeapSize                  = 122910970                              {pd product} {ergonomic}
    uintx ProfiledCodeHeapSize                     = 122910970                              {pd product} {ergonomic}
    uintx ReservedCodeCacheSize                    = 251658240                              {pd product} {ergonomic}
     bool SegmentedCodeCache                       = true                                      {product} {ergonomic}
     bool UseCompressedClassPointers               = true                                 {lp64_product} {ergonomic}
     bool UseCompressedOops                        = true                                 {lp64_product} {ergonomic}
     bool UseG1GC                                  = true                                      {product} {ergonomic}
     bool UseLargePagesIndividualAllocation        = false                                  {pd product} {ergonomic}

Logging:
Log output configuration:
 #0: stdout all=warning uptime,level,tags
 #1: stderr all=off uptime,level,tags

Environment Variables:
JAVA_HOME=C:\Program Files\Java\jdk1.8.0_121
PATH=C:\Program Files\Common Files\Oracle\Java\javapath;C:\Program Files\Python36\Scripts\;C:\Program Files\Python36\;C:\ProgramData\Oracle\Java\javapath;C:\Windows\system32;C:\Windows;C:\Windows\System32\Wbem;C:\Windows\System32\WindowsPowerShell\v1.0\;F:\Program Files (x86)\ATI Technologies\ATI.ACE\Core-Static;C:\Program Files (x86)\ATI Technologies\ATI.ACE\Core-Static;C:\xampp\php;C:\ProgramData\ComposerSetup\bin;C:\Program Files (x86)\Windows Kits\8.1\Windows Performance Toolkit\;C:\Program Files (x86)\Microsoft SDKs\TypeScript\1.0\;C:\Program Files\santesocial\galss\;C:\Program Files\Java\jdk1.8.0_121\bin;C:\xampp\pgsql\bin;C:\Program Files (x86)\WinMerge;C:\Windows\System32\OpenSSH\;C:\PostgreSQL\pg11\bin;C:\PostgreSQL\pg10\bin;C:\Program Files (x86)\AOMEI\AOMEI Backupper 6.2.0;C:\Program Files\Git\cmd;C:\Program Files\TortoiseGit\bin;C:\Users\Hihu.PC-HIEP\AppData\Local\Microsoft\WindowsApps;C:\Users\Hihu.PC-HIEP\AppData\Local\GitHubDesktop\bin
USERNAME=Hihu
OS=Windows_NT
PROCESSOR_IDENTIFIER=AMD64 Family 23 Model 96 Stepping 1, AuthenticAMD



---------------  S Y S T E M  ---------------

OS: Windows 10 , 64 bit Build 19041 (10.0.19041.1348)
OS uptime: 1 days 7:11 hours

CPU:total 8 (initial active 8) (8 cores per cpu, 2 threads per core) family 23 model 96 stepping 1 microcode 0x0, cmov, cx8, fxsr, mmx, sse, sse2, sse3, ssse3, sse4.1, sse4.2, popcnt, avx, avx2, aes, clmul, mmxext, 3dnowpref, lzcnt, sse4a, ht, tsc, tscinvbit, tscinv, bmi1, bmi2, adx, s

Memory: 4k page, system-wide physical 15779M (2673M free)
TotalPageFile size 15779M (AvailPageFile size 4M)
current process WorkingSet (physical memory assigned to process): 598M, peak: 626M
current process commit charge ("private bytes"): 699M, peak: 722M

vm_info: OpenJDK 64-Bit Server VM (11.0.11+9-b60-7590822) for windows-amd64 JRE (11.0.11+9-b60-7590822), built on Jul 29 2021 21:43:44 by "builder" with MS VC++ 14.0 (VS2015)

END.
